  [4;36;1mSQL (0.1ms)[0m   [0;1mSET NAMES 'utf8'[0m
  [4;35;1mSQL (0.1ms)[0m   [0mSET SQL_AUTO_IS_NULL=0[0m
  [4;36;1mSQL (0.2ms)[0m   [0;1mSHOW TABLES[0m
  [4;35;1mSQL (68.7ms)[0m   [0mCREATE TABLE `schema_migrations` (`version` varchar(255) NOT NULL) ENGINE=InnoDB[0m
  [4;36;1mSQL (0.3ms)[0m   [0;1mSHOW KEYS FROM `schema_migrations`[0m
  [4;35;1mSQL (153.7ms)[0m   [0mCREATE UNIQUE INDEX `unique_schema_migrations` ON `schema_migrations` (`version`)[0m
  [4;36;1mSQL (0.2ms)[0m   [0;1mSHOW TABLES[0m
  [4;35;1mSQL (0.1ms)[0m   [0mSELECT version FROM schema_migrations[0m
Migrating to CreatePersonas (20151012174148)
  [4;36;1mSQL (49.9ms)[0m   [0;1mCREATE TABLE `personas` (`persona_id` varchar(36), `per_paterno` varchar(255), `per_materno` varchar(255), `per_nombre` varchar(255), `per_curp` varchar(255), `per_rfc` varchar(255), `per_tipo` varchar(255), `per_elaboracion` datetime, `per_modificacion` datetime, `per_activo_reg` tinyint(1)) ENGINE=InnoDB[0m
  [4;35;1mSQL (25.7ms)[0m   [0mINSERT INTO schema_migrations (version) VALUES ('20151012174148')[0m
  [4;36;1mSQL (0.2ms)[0m   [0;1mSHOW TABLES[0m
  [4;35;1mSQL (0.2ms)[0m   [0mSELECT version FROM schema_migrations[0m
  [4;36;1mSQL (0.1ms)[0m   [0;1mSHOW TABLES[0m
  [4;35;1mSQL (0.4ms)[0m   [0mSHOW FIELDS FROM `personas`[0m
  [4;36;1mSQL (0.3ms)[0m   [0;1mdescribe `personas`[0m
  [4;35;1mSQL (0.1ms)[0m   [0mSHOW KEYS FROM `personas`[0m
  [4;36;1mSQL (0.1ms)[0m   [0;1mSET NAMES 'utf8'[0m
  [4;35;1mSQL (0.1ms)[0m   [0mSET SQL_AUTO_IS_NULL=0[0m


Processing PersonasController#index (for 127.0.0.1 at 2015-10-12 12:55:38) [GET]
Filter chain halted as [:authenticate] rendered_or_redirected.
Completed in 2ms (View: 1, DB: 0) | 401 Unauthorized [http://localhost/personas]
  [4;36;1mSQL (0.1ms)[0m   [0;1mSET NAMES 'utf8'[0m
  [4;35;1mSQL (0.1ms)[0m   [0mSET SQL_AUTO_IS_NULL=0[0m


Processing PersonasController#index (for 127.0.0.1 at 2015-10-12 12:55:38) [GET]
Filter chain halted as [:authenticate] rendered_or_redirected.
Completed in 1ms (View: 0, DB: 0) | 401 Unauthorized [http://localhost/personas]
  [4;36;1mSQL (0.2ms)[0m   [0;1mSET NAMES 'utf8'[0m
  [4;35;1mSQL (0.1ms)[0m   [0mSET SQL_AUTO_IS_NULL=0[0m


Processing PersonasController#index (for 127.0.0.1 at 2015-10-12 12:55:43) [GET]
  [4;36;1mPersona Load (0.3ms)[0m   [0;1mSELECT * FROM `personas` [0m
Rendering template within layouts/personas
Rendering personas/index
Completed in 39ms (View: 5, DB: 1) | 200 OK [http://localhost/personas]
  [4;35;1mSQL (0.1ms)[0m   [0mSET NAMES 'utf8'[0m
  [4;36;1mSQL (0.1ms)[0m   [0;1mSET SQL_AUTO_IS_NULL=0[0m


Processing PersonasController#new (for 127.0.0.1 at 2015-10-12 12:55:46) [GET]
  [4;35;1mPersona Columns (0.3ms)[0m   [0mSHOW FIELDS FROM `personas`[0m
Rendering template within layouts/personas
Rendering personas/new
Completed in 39ms (View: 36, DB: 1) | 200 OK [http://localhost/personas/new]
  [4;36;1mSQL (0.0ms)[0m   [0;1mSET NAMES 'utf8'[0m
  [4;35;1mSQL (0.0ms)[0m   [0mSET SQL_AUTO_IS_NULL=0[0m


Processing PersonasController#create (for 127.0.0.1 at 2015-10-12 12:56:03) [POST]
  Parameters: {"persona"=>{"per_materno"=>"LOPEZ", "per_activo_reg"=>"1", "per_rfc"=>"MOLC95", "per_paterno"=>"MONTERROSA", "per_modificacion(3i)"=>"12", "per_modificacion(2i)"=>"10", "per_modificacion(1i)"=>"2015", "per_curp"=>"MOLC850912HCSNPR02", "per_modificacion(5i)"=>"55", "per_modificacion(4i)"=>"17", "per_nombre"=>"CARLOS", "per_elaboracion(2i)"=>"10", "per_elaboracion(1i)"=>"2015", "per_elaboracion(5i)"=>"55", "per_elaboracion(4i)"=>"17", "per_elaboracion(3i)"=>"12", "per_tipo"=>""}, "commit"=>"Create", "authenticity_token"=>"l8KXnMWvFkrwheU0klfOiw7MIUHQVRXicoQW924YFEQ="}
  [4;36;1mPersona Columns (0.4ms)[0m   [0;1mSHOW FIELDS FROM `personas`[0m
  [4;35;1mSQL (0.0ms)[0m   [0mBEGIN[0m
  [4;36;1mPersona Create (0.1ms)[0m   [0;1mINSERT INTO `personas` (`per_materno`, `per_activo_reg`, `persona_id`, `per_paterno`, `per_rfc`, `per_curp`, `per_nombre`, `per_tipo`, `per_elaboracion`, `per_modificacion`) VALUES('LOPEZ', 1, '--- !ruby/object:UUIDTools::UUID \nclock_seq_hi_and_reserved: 182\nclock_seq_low: 173\nhash: 127235270\ninteger: 9612765131454853606286835585083797520\nnodes: \n- 202\n- 22\n- 109\n- 180\n- 112\n- 16\ntime_hi_and_version: 13854\ntime_low: 121330153\ntime_mid: 42757\n', 'MONTERROSA', 'MOLC95', 'MOLC850912HCSNPR02', 'CARLOS', '', '2015-10-12 17:55:00', '2015-10-12 17:55:00')[0m
  [4;35;1mSQL (93.5ms)[0m   [0mCOMMIT[0m
Redirected to http://localhost:3000/personas/0
Completed in 100ms (DB: 94) | 302 Found [http://localhost/personas]
  [4;36;1mSQL (0.0ms)[0m   [0;1mSET NAMES 'utf8'[0m
  [4;35;1mSQL (0.0ms)[0m   [0mSET SQL_AUTO_IS_NULL=0[0m


Processing PersonasController#show (for 127.0.0.1 at 2015-10-12 12:56:04) [GET]
  Parameters: {"id"=>"0"}
  [4;36;1mPersona Columns (0.3ms)[0m   [0;1mSHOW FIELDS FROM `personas`[0m
  [4;35;1mPersona Load (0.0ms)[0m   [0mMysql::Error: Unknown column 'personas.id' in 'where clause': SELECT * FROM `personas` WHERE (`personas`.`id` = '0') [0m

ActiveRecord::StatementInvalid (Mysql::Error: Unknown column 'personas.id' in 'where clause': SELECT * FROM `personas` WHERE (`personas`.`id` = '0') ):
  app/controllers/personas_controller.rb:17:in `show'
  /usr/lib/ruby/1.8/webrick/httpserver.rb:104:in `service'
  /usr/lib/ruby/1.8/webrick/httpserver.rb:65:in `run'
  /usr/lib/ruby/1.8/webrick/server.rb:173:in `start_thread'
  /usr/lib/ruby/1.8/webrick/server.rb:162:in `start'
  /usr/lib/ruby/1.8/webrick/server.rb:162

Rendered rescues/_trace (11.4ms)
Rendered rescues/_request_and_response (0.6ms)
Rendering rescues/layout (internal_server_error)
  [4;36;1mSQL (0.1ms)[0m   [0;1mSET NAMES 'utf8'[0m
  [4;35;1mSQL (0.0ms)[0m   [0mSET SQL_AUTO_IS_NULL=0[0m
  [4;36;1mSQL (0.1ms)[0m   [0;1mSHOW TABLES[0m
  [4;35;1mSQL (78.1ms)[0m   [0mCREATE TABLE `schema_migrations` (`version` varchar(255) NOT NULL) ENGINE=InnoDB[0m
  [4;36;1mSQL (0.6ms)[0m   [0;1mSHOW KEYS FROM `schema_migrations`[0m
  [4;35;1mSQL (126.6ms)[0m   [0mCREATE UNIQUE INDEX `unique_schema_migrations` ON `schema_migrations` (`version`)[0m
  [4;36;1mSQL (0.4ms)[0m   [0;1mSHOW TABLES[0m
  [4;35;1mSQL (0.3ms)[0m   [0mSELECT version FROM schema_migrations[0m
Migrating to CreatePersonas (20151012174148)
  [4;36;1mSQL (54.6ms)[0m   [0;1mCREATE TABLE `personas` (`persona_id` varchar(36), `per_paterno` varchar(255), `per_materno` varchar(255), `per_nombre` varchar(255), `per_curp` varchar(255), `per_rfc` varchar(255), `per_tipo` varchar(255), `per_elaboracion` datetime, `per_modificacion` datetime, `per_activo_reg` tinyint(1)) ENGINE=InnoDB[0m
  [4;35;1mSQL (24.9ms)[0m   [0mINSERT INTO schema_migrations (version) VALUES ('20151012174148')[0m
  [4;36;1mSQL (0.5ms)[0m   [0;1mSHOW TABLES[0m
  [4;35;1mSQL (0.4ms)[0m   [0mSELECT version FROM schema_migrations[0m
  [4;36;1mSQL (0.3ms)[0m   [0;1mSHOW TABLES[0m
  [4;35;1mSQL (1.2ms)[0m   [0mSHOW FIELDS FROM `personas`[0m
  [4;36;1mSQL (1.0ms)[0m   [0;1mdescribe `personas`[0m
  [4;35;1mSQL (0.4ms)[0m   [0mSHOW KEYS FROM `personas`[0m
  [4;36;1mSQL (0.1ms)[0m   [0;1mSET NAMES 'utf8'[0m
  [4;35;1mSQL (0.0ms)[0m   [0mSET SQL_AUTO_IS_NULL=0[0m


Processing PersonasController#index (for 127.0.0.1 at 2015-10-12 13:00:44) [GET]
  [4;36;1mPersona Load (0.2ms)[0m   [0;1mSELECT * FROM `personas` [0m
Rendering template within layouts/personas
Rendering personas/index
Completed in 34ms (View: 31, DB: 0) | 200 OK [http://localhost/personas]
  [4;35;1mSQL (0.1ms)[0m   [0mSET NAMES 'utf8'[0m
  [4;36;1mSQL (0.1ms)[0m   [0;1mSET SQL_AUTO_IS_NULL=0[0m


Processing PersonasController#new (for 127.0.0.1 at 2015-10-12 13:00:46) [GET]
  [4;35;1mPersona Columns (0.4ms)[0m   [0mSHOW FIELDS FROM `personas`[0m
Rendering template within layouts/personas
Rendering personas/new
Completed in 17ms (View: 13, DB: 1) | 200 OK [http://localhost/personas/new]
  [4;36;1mSQL (0.0ms)[0m   [0;1mSET NAMES 'utf8'[0m
  [4;35;1mSQL (0.0ms)[0m   [0mSET SQL_AUTO_IS_NULL=0[0m


Processing PersonasController#create (for 127.0.0.1 at 2015-10-12 13:00:54) [POST]
  Parameters: {"persona"=>{"per_tipo"=>"", "per_rfc"=>"MOLC95", "per_nombre"=>"CARLOS", "per_elaboracion(4i)"=>"18", "per_elaboracion(3i)"=>"12", "per_elaboracion(2i)"=>"10", "per_elaboracion(1i)"=>"2015", "per_materno"=>"LOPEZ", "per_elaboracion(5i)"=>"00", "per_modificacion(4i)"=>"18", "per_modificacion(3i)"=>"12", "per_modificacion(2i)"=>"10", "per_modificacion(1i)"=>"2015", "per_activo_reg"=>"1", "per_modificacion(5i)"=>"00", "per_curp"=>"MOLC850912HCSNPR02", "per_paterno"=>"MONTERROSA"}, "commit"=>"Create", "authenticity_token"=>"l8KXnMWvFkrwheU0klfOiw7MIUHQVRXicoQW924YFEQ="}
  [4;36;1mPersona Columns (0.3ms)[0m   [0;1mSHOW FIELDS FROM `personas`[0m
  [4;35;1mSQL (0.0ms)[0m   [0mBEGIN[0m
  [4;36;1mSQL (0.0ms)[0m   [0;1mROLLBACK[0m

NameError (uninitialized constant UUIDHelper::UUID):
  lib/uuid_helper.rb:6:in `before_create'
  app/controllers/personas_controller.rb:47:in `create'
  app/controllers/personas_controller.rb:46:in `create'
  /usr/lib/ruby/1.8/webrick/httpserver.rb:104:in `service'
  /usr/lib/ruby/1.8/webrick/httpserver.rb:65:in `run'
  /usr/lib/ruby/1.8/webrick/server.rb:173:in `start_thread'
  /usr/lib/ruby/1.8/webrick/server.rb:162:in `start'
  /usr/lib/ruby/1.8/webrick/server.rb:162

Rendered rescues/_trace (11.1ms)
Rendered rescues/_request_and_response (0.6ms)
Rendering rescues/layout (internal_server_error)
  [4;35;1mSQL (0.2ms)[0m   [0mSET NAMES 'utf8'[0m
  [4;36;1mSQL (0.2ms)[0m   [0;1mSET SQL_AUTO_IS_NULL=0[0m


Processing PersonasController#create (for 127.0.0.1 at 2015-10-12 13:02:09) [POST]
  Parameters: {"persona"=>{"per_tipo"=>"", "per_rfc"=>"MOLC95", "per_nombre"=>"CARLOS", "per_elaboracion(4i)"=>"17", "per_elaboracion(3i)"=>"12", "per_elaboracion(2i)"=>"10", "per_elaboracion(1i)"=>"2015", "per_materno"=>"LOPEZ", "per_elaboracion(5i)"=>"55", "per_modificacion(4i)"=>"17", "per_modificacion(3i)"=>"12", "per_modificacion(2i)"=>"10", "per_modificacion(1i)"=>"2015", "per_activo_reg"=>"1", "per_modificacion(5i)"=>"55", "per_curp"=>"MOLC850912HCSNPR02", "per_paterno"=>"MONTERROSA"}, "commit"=>"Create", "authenticity_token"=>"l8KXnMWvFkrwheU0klfOiw7MIUHQVRXicoQW924YFEQ="}
  [4;35;1mPersona Columns (0.4ms)[0m   [0mSHOW FIELDS FROM `personas`[0m
  [4;36;1mSQL (0.0ms)[0m   [0;1mBEGIN[0m
  [4;35;1mSQL (0.0ms)[0m   [0mROLLBACK[0m

NameError (uninitialized constant UUIDHelper::UUID):
  lib/uuid_helper.rb:8:in `before_create'
  app/controllers/personas_controller.rb:47:in `create'
  app/controllers/personas_controller.rb:46:in `create'
  /usr/lib/ruby/1.8/webrick/httpserver.rb:104:in `service'
  /usr/lib/ruby/1.8/webrick/httpserver.rb:65:in `run'
  /usr/lib/ruby/1.8/webrick/server.rb:173:in `start_thread'
  /usr/lib/ruby/1.8/webrick/server.rb:162:in `start'
  /usr/lib/ruby/1.8/webrick/server.rb:162

Rendered rescues/_trace (13.1ms)
Rendered rescues/_request_and_response (0.3ms)
Rendering rescues/layout (internal_server_error)
  [4;36;1mSQL (0.1ms)[0m   [0;1mSET NAMES 'utf8'[0m
  [4;35;1mSQL (0.1ms)[0m   [0mSET SQL_AUTO_IS_NULL=0[0m
/!\ FAILSAFE /!\  Mon Oct 12 13:02:36 -0500 2015
  Status: 500 Internal Server Error
  Expected /home/cmonterrosa/NetBeansProjects/persona_ws/app/helpers/uuid_helper.rb to define UuidHelper
    /usr/lib/ruby/gems/1.8/gems/activesupport-2.3.15/lib/active_support/dependencies.rb:452:in `load_missing_constant'
    /usr/lib/ruby/gems/1.8/gems/activesupport-2.3.15/lib/active_support/dependencies.rb:106:in `const_missing'
    /usr/lib/ruby/gems/1.8/gems/activesupport-2.3.15/lib/active_support/dependencies.rb:118:in `const_missing'
    /usr/lib/ruby/gems/1.8/gems/activesupport-2.3.15/lib/active_support/inflector.rb:364:in `constantize'
    /usr/lib/ruby/gems/1.8/gems/activesupport-2.3.15/lib/active_support/inflector.rb:363:in `each'
    /usr/lib/ruby/gems/1.8/gems/activesupport-2.3.15/lib/active_support/inflector.rb:363:in `constantize'
    /usr/lib/ruby/gems/1.8/gems/activesupport-2.3.15/lib/active_support/core_ext/string/inflections.rb:162:in `constantize'
    /usr/lib/ruby/gems/1.8/gems/actionpack-2.3.15/lib/action_controller/helpers.rb:137:in `helper'
    /usr/lib/ruby/gems/1.8/gems/actionpack-2.3.15/lib/action_controller/helpers.rb:115:in `each'
    /usr/lib/ruby/gems/1.8/gems/actionpack-2.3.15/lib/action_controller/helpers.rb:115:in `helper'
    /usr/lib/ruby/gems/1.8/gems/actionpack-2.3.15/lib/action_controller/helpers.rb:120:in `helper'
    /usr/lib/ruby/gems/1.8/gems/actionpack-2.3.15/lib/action_controller/helpers.rb:115:in `each'
    /usr/lib/ruby/gems/1.8/gems/actionpack-2.3.15/lib/action_controller/helpers.rb:115:in `helper'
    /home/cmonterrosa/NetBeansProjects/persona_ws/app/controllers/application_controller.rb:6
    /usr/lib/ruby/gems/1.8/gems/activesupport-2.3.15/lib/active_support/dependencies.rb:406:in `load_without_new_constant_marking'
    /usr/lib/ruby/gems/1.8/gems/activesupport-2.3.15/lib/active_support/dependencies.rb:406:in `load_file'
    /usr/lib/ruby/gems/1.8/gems/activesupport-2.3.15/lib/active_support/dependencies.rb:547:in `new_constants_in'
    /usr/lib/ruby/gems/1.8/gems/activesupport-2.3.15/lib/active_support/dependencies.rb:405:in `load_file'
    /usr/lib/ruby/gems/1.8/gems/activesupport-2.3.15/lib/active_support/dependencies.rb:285:in `require_or_load'
    /usr/lib/ruby/gems/1.8/gems/activesupport-2.3.15/lib/active_support/dependencies.rb:451:in `load_missing_constant'
    /usr/lib/ruby/gems/1.8/gems/activesupport-2.3.15/lib/active_support/dependencies.rb:106:in `const_missing'
    /usr/lib/ruby/gems/1.8/gems/activesupport-2.3.15/lib/active_support/dependencies.rb:118:in `const_missing'
    /usr/lib/ruby/gems/1.8/gems/actionpack-2.3.15/lib/action_controller/dispatcher.rb:89:in `dispatch'
    /usr/lib/ruby/gems/1.8/gems/actionpack-2.3.15/lib/action_controller/dispatcher.rb:121:in `_call'
    /usr/lib/ruby/gems/1.8/gems/actionpack-2.3.15/lib/action_controller/dispatcher.rb:130:in `build_middleware_stack'
    /usr/lib/ruby/gems/1.8/gems/activerecord-2.3.15/lib/active_record/query_cache.rb:29:in `call'
    /usr/lib/ruby/gems/1.8/gems/activerecord-2.3.15/lib/active_record/query_cache.rb:29:in `call'
    /usr/lib/ruby/gems/1.8/gems/activerecord-2.3.15/lib/active_record/connection_adapters/abstract/query_cache.rb:34:in `cache'
    /usr/lib/ruby/gems/1.8/gems/activerecord-2.3.15/lib/active_record/query_cache.rb:9:in `cache'
    /usr/lib/ruby/gems/1.8/gems/activerecord-2.3.15/lib/active_record/query_cache.rb:28:in `call'
    /usr/lib/ruby/gems/1.8/gems/activerecord-2.3.15/lib/active_record/connection_adapters/abstract/connection_pool.rb:361:in `call'
    /usr/lib/ruby/gems/1.8/gems/actionpack-2.3.15/lib/action_controller/string_coercion.rb:25:in `call'
    /usr/lib/ruby/gems/1.8/gems/rack-1.1.6/lib/rack/head.rb:9:in `call'
    /usr/lib/ruby/gems/1.8/gems/rack-1.1.6/lib/rack/methodoverride.rb:24:in `call'
    /usr/lib/ruby/gems/1.8/gems/actionpack-2.3.15/lib/action_controller/params_parser.rb:15:in `call'
    /usr/lib/ruby/gems/1.8/gems/actionpack-2.3.15/lib/action_controller/session/cookie_store.rb:99:in `call'
    /usr/lib/ruby/gems/1.8/gems/actionpack-2.3.15/lib/action_controller/failsafe.rb:26:in `call'
    /usr/lib/ruby/gems/1.8/gems/rack-1.1.6/lib/rack/lock.rb:11:in `call'
    /usr/lib/ruby/gems/1.8/gems/rack-1.1.6/lib/rack/lock.rb:11:in `synchronize'
    /usr/lib/ruby/gems/1.8/gems/rack-1.1.6/lib/rack/lock.rb:11:in `call'
    /usr/lib/ruby/gems/1.8/gems/actionpack-2.3.15/lib/action_controller/dispatcher.rb:114:in `call'
    /usr/lib/ruby/gems/1.8/gems/actionpack-2.3.15/lib/action_controller/reloader.rb:34:in `run'
    /usr/lib/ruby/gems/1.8/gems/actionpack-2.3.15/lib/action_controller/dispatcher.rb:108:in `call'
    /usr/lib/ruby/gems/1.8/gems/rails-2.3.15/lib/rails/rack/static.rb:31:in `call'
    /usr/lib/ruby/gems/1.8/gems/rack-1.1.6/lib/rack/urlmap.rb:47:in `call'
    /usr/lib/ruby/gems/1.8/gems/rack-1.1.6/lib/rack/urlmap.rb:41:in `each'
    /usr/lib/ruby/gems/1.8/gems/rack-1.1.6/lib/rack/urlmap.rb:41:in `call'
    /usr/lib/ruby/gems/1.8/gems/rails-2.3.15/lib/rails/rack/log_tailer.rb:17:in `call'
    /usr/lib/ruby/gems/1.8/gems/rack-1.1.6/lib/rack/content_length.rb:13:in `call'
    /usr/lib/ruby/gems/1.8/gems/rack-1.1.6/lib/rack/handler/webrick.rb:48:in `service'
    /usr/lib/ruby/1.8/webrick/httpserver.rb:104:in `service'
    /usr/lib/ruby/1.8/webrick/httpserver.rb:65:in `run'
    /usr/lib/ruby/1.8/webrick/server.rb:173:in `start_thread'
    /usr/lib/ruby/1.8/webrick/server.rb:162:in `start'
    /usr/lib/ruby/1.8/webrick/server.rb:162
  [4;36;1mSQL (0.1ms)[0m   [0;1mSET NAMES 'utf8'[0m
  [4;35;1mSQL (0.0ms)[0m   [0mSET SQL_AUTO_IS_NULL=0[0m


Processing PersonasController#create (for 127.0.0.1 at 2015-10-12 13:04:40) [POST]
  Parameters: {"commit"=>"Create", "persona"=>{"per_elaboracion(5i)"=>"00", "per_elaboracion(4i)"=>"18", "per_nombre"=>"CARLOS", "per_rfc"=>"MOLC95", "per_curp"=>"MOLC850912HCSNPR02", "per_materno"=>"LOPEZ", "per_modificacion(1i)"=>"2015", "per_paterno"=>"MONTERROSA", "per_activo_reg"=>"1", "per_modificacion(5i)"=>"00", "per_modificacion(4i)"=>"18", "per_modificacion(3i)"=>"12", "per_modificacion(2i)"=>"10", "per_elaboracion(3i)"=>"12", "per_elaboracion(2i)"=>"10", "per_elaboracion(1i)"=>"2015", "per_tipo"=>""}, "authenticity_token"=>"l8KXnMWvFkrwheU0klfOiw7MIUHQVRXicoQW924YFEQ="}
  [4;36;1mPersona Columns (0.4ms)[0m   [0;1mSHOW FIELDS FROM `personas`[0m
  [4;35;1mSQL (0.1ms)[0m   [0mBEGIN[0m
  [4;36;1mSQL (0.0ms)[0m   [0;1mROLLBACK[0m

NameError (uninitialized constant UuidHelper::UUID):
  app/helpers/uuid_helper.rb:8:in `before_create'
  app/controllers/personas_controller.rb:47:in `create'
  app/controllers/personas_controller.rb:46:in `create'
  /usr/lib/ruby/1.8/webrick/httpserver.rb:104:in `service'
  /usr/lib/ruby/1.8/webrick/httpserver.rb:65:in `run'
  /usr/lib/ruby/1.8/webrick/server.rb:173:in `start_thread'
  /usr/lib/ruby/1.8/webrick/server.rb:162:in `start'
  /usr/lib/ruby/1.8/webrick/server.rb:162

Rendered rescues/_trace (12.1ms)
Rendered rescues/_request_and_response (0.6ms)
Rendering rescues/layout (internal_server_error)
  [4;36;1mSQL (0.1ms)[0m   [0;1mSET NAMES 'utf8'[0m
  [4;35;1mSQL (0.0ms)[0m   [0mSET SQL_AUTO_IS_NULL=0[0m


Processing PersonasController#create (for 127.0.0.1 at 2015-10-12 13:06:23) [POST]
  Parameters: {"persona"=>{"per_tipo"=>"", "per_activo_reg"=>"1", "per_rfc"=>"MOLC95", "per_paterno"=>"MONTERROSA", "per_elaboracion(1i)"=>"2015", "per_modificacion(3i)"=>"12", "per_modificacion(2i)"=>"10", "per_modificacion(1i)"=>"2015", "per_elaboracion(5i)"=>"55", "per_elaboracion(4i)"=>"17", "per_elaboracion(3i)"=>"12", "per_elaboracion(2i)"=>"10", "per_curp"=>"MOLC850912HCSNPR02", "per_nombre"=>"CARLOS", "per_materno"=>"LOPEZ", "per_modificacion(5i)"=>"55", "per_modificacion(4i)"=>"17"}, "authenticity_token"=>"l8KXnMWvFkrwheU0klfOiw7MIUHQVRXicoQW924YFEQ=", "commit"=>"Create"}
  [4;36;1mPersona Columns (0.4ms)[0m   [0;1mSHOW FIELDS FROM `personas`[0m
  [4;35;1mSQL (0.0ms)[0m   [0mBEGIN[0m
  [4;36;1mSQL (0.0ms)[0m   [0;1mROLLBACK[0m

NameError (uninitialized constant UUIDHelper::UUID):
  lib/uuid_helper.rb:8:in `before_create'
  app/controllers/personas_controller.rb:47:in `create'
  app/controllers/personas_controller.rb:46:in `create'
  /usr/lib/ruby/1.8/webrick/httpserver.rb:104:in `service'
  /usr/lib/ruby/1.8/webrick/httpserver.rb:65:in `run'
  /usr/lib/ruby/1.8/webrick/server.rb:173:in `start_thread'
  /usr/lib/ruby/1.8/webrick/server.rb:162:in `start'
  /usr/lib/ruby/1.8/webrick/server.rb:162

Rendered rescues/_trace (12.8ms)
Rendered rescues/_request_and_response (0.6ms)
Rendering rescues/layout (internal_server_error)
  [4;36;1mSQL (0.1ms)[0m   [0;1mSET NAMES 'utf8'[0m
  [4;35;1mSQL (0.1ms)[0m   [0mSET SQL_AUTO_IS_NULL=0[0m


Processing PersonasController#create (for 127.0.0.1 at 2015-10-12 13:08:12) [POST]
  Parameters: {"authenticity_token"=>"l8KXnMWvFkrwheU0klfOiw7MIUHQVRXicoQW924YFEQ=", "persona"=>{"per_activo_reg"=>"1", "per_rfc"=>"MOLC95", "per_elaboracion(2i)"=>"10", "per_elaboracion(1i)"=>"2015", "per_elaboracion(5i)"=>"55", "per_elaboracion(4i)"=>"17", "per_elaboracion(3i)"=>"12", "per_tipo"=>"", "per_modificacion(2i)"=>"10", "per_modificacion(1i)"=>"2015", "per_nombre"=>"CARLOS", "per_modificacion(5i)"=>"55", "per_modificacion(4i)"=>"17", "per_modificacion(3i)"=>"12", "per_curp"=>"MOLC850912HCSNPR02", "per_materno"=>"LOPEZ", "per_paterno"=>"MONTERROSA"}, "commit"=>"Create"}
  [4;36;1mPersona Columns (0.4ms)[0m   [0;1mSHOW FIELDS FROM `personas`[0m
  [4;35;1mSQL (0.0ms)[0m   [0mBEGIN[0m
  [4;36;1mSQL (0.1ms)[0m   [0;1mROLLBACK[0m

NoMethodError (undefined method `uuid=' for #<Persona:0x7f572cf66ac8>):
  lib/uuid_helper.rb:8:in `before_create'
  app/controllers/personas_controller.rb:47:in `create'
  app/controllers/personas_controller.rb:46:in `create'
  /usr/lib/ruby/1.8/webrick/httpserver.rb:104:in `service'
  /usr/lib/ruby/1.8/webrick/httpserver.rb:65:in `run'
  /usr/lib/ruby/1.8/webrick/server.rb:173:in `start_thread'
  /usr/lib/ruby/1.8/webrick/server.rb:162:in `start'
  /usr/lib/ruby/1.8/webrick/server.rb:162

Rendered rescues/_trace (12.9ms)
Rendered rescues/_request_and_response (0.6ms)
Rendering rescues/layout (internal_server_error)
  [4;36;1mSQL (0.1ms)[0m   [0;1mSET NAMES 'utf8'[0m
  [4;35;1mSQL (0.1ms)[0m   [0mSET SQL_AUTO_IS_NULL=0[0m


Processing PersonasController#create (for 127.0.0.1 at 2015-10-12 13:08:36) [POST]
  Parameters: {"authenticity_token"=>"l8KXnMWvFkrwheU0klfOiw7MIUHQVRXicoQW924YFEQ=", "persona"=>{"per_curp"=>"MOLC850912HCSNPR02", "per_paterno"=>"MONTERROSA", "per_rfc"=>"MOLC95", "per_modificacion(3i)"=>"12", "per_modificacion(2i)"=>"10", "per_modificacion(1i)"=>"2015", "per_tipo"=>"", "per_nombre"=>"CARLOS", "per_modificacion(5i)"=>"55", "per_modificacion(4i)"=>"17", "per_elaboracion(4i)"=>"17", "per_elaboracion(3i)"=>"12", "per_elaboracion(2i)"=>"10", "per_elaboracion(1i)"=>"2015", "per_activo_reg"=>"1", "per_elaboracion(5i)"=>"55", "per_materno"=>"LOPEZ"}, "commit"=>"Create"}
  [4;36;1mPersona Columns (0.4ms)[0m   [0;1mSHOW FIELDS FROM `personas`[0m
  [4;35;1mSQL (0.1ms)[0m   [0mBEGIN[0m
  [4;36;1mPersona Create (0.1ms)[0m   [0;1mINSERT INTO `personas` (`per_paterno`, `per_curp`, `per_rfc`, `per_nombre`, `per_tipo`, `per_elaboracion`, `per_activo_reg`, `per_materno`, `persona_id`, `per_modificacion`) VALUES('MONTERROSA', 'MOLC850912HCSNPR02', 'MOLC95', 'CARLOS', '', '2015-10-12 17:55:00', 1, 'LOPEZ', '42319f92-710c-11e5-b967-3417ebba8c77', '2015-10-12 17:55:00')[0m
  [4;35;1mSQL (195.0ms)[0m   [0mCOMMIT[0m
Redirected to http://localhost:3000/personas/42319f92-710c-11e5-b967-3417ebba8c77
Completed in 233ms (DB: 196) | 302 Found [http://localhost/personas]
  [4;36;1mSQL (0.1ms)[0m   [0;1mSET NAMES 'utf8'[0m
  [4;35;1mSQL (0.1ms)[0m   [0mSET SQL_AUTO_IS_NULL=0[0m


Processing PersonasController#show (for 127.0.0.1 at 2015-10-12 13:08:37) [GET]
  Parameters: {"id"=>"42319f92-710c-11e5-b967-3417ebba8c77"}
  [4;36;1mPersona Columns (0.4ms)[0m   [0;1mSHOW FIELDS FROM `personas`[0m
  [4;35;1mPersona Load (0.1ms)[0m   [0mSELECT * FROM `personas` WHERE (`personas`.`persona_id` = '42319f92-710c-11e5-b967-3417ebba8c77') [0m
Rendering template within layouts/personas
Rendering personas/show
Completed in 13ms (View: 8, DB: 1) | 200 OK [http://localhost/personas/42319f92-710c-11e5-b967-3417ebba8c77]
  [4;36;1mSQL (0.1ms)[0m   [0;1mSET NAMES 'utf8'[0m
  [4;35;1mSQL (0.1ms)[0m   [0mSET SQL_AUTO_IS_NULL=0[0m


Processing PersonasController#index (for 127.0.0.1 at 2015-10-12 13:08:40) [GET]
  [4;36;1mPersona Load (0.1ms)[0m   [0;1mSELECT * FROM `personas` [0m
Rendering template within layouts/personas
Rendering personas/index
  [4;35;1mPersona Columns (0.3ms)[0m   [0mSHOW FIELDS FROM `personas`[0m
Completed in 8ms (View: 4, DB: 1) | 200 OK [http://localhost/personas]
  [4;36;1mSQL (0.1ms)[0m   [0;1mSET NAMES 'utf8'[0m
  [4;35;1mSQL (0.1ms)[0m   [0mSET SQL_AUTO_IS_NULL=0[0m


Processing PersonasController#show (for 127.0.0.1 at 2015-10-12 13:08:43) [GET]
  Parameters: {"id"=>"42319f92-710c-11e5-b967-3417ebba8c77"}
  [4;36;1mPersona Columns (0.5ms)[0m   [0;1mSHOW FIELDS FROM `personas`[0m
  [4;35;1mPersona Load (0.1ms)[0m   [0mSELECT * FROM `personas` WHERE (`personas`.`persona_id` = '42319f92-710c-11e5-b967-3417ebba8c77') [0m
Rendering template within layouts/personas
Rendering personas/show
Completed in 7ms (View: 2, DB: 1) | 200 OK [http://localhost/personas/42319f92-710c-11e5-b967-3417ebba8c77]
  [4;36;1mSQL (0.2ms)[0m   [0;1mSET NAMES 'utf8'[0m
  [4;35;1mSQL (0.1ms)[0m   [0mSET SQL_AUTO_IS_NULL=0[0m


Processing PersonasController#index (for 127.0.0.1 at 2015-10-12 13:08:48) [GET]
  [4;36;1mPersona Load (0.1ms)[0m   [0;1mSELECT * FROM `personas` [0m
Rendering template within layouts/personas
Rendering personas/index
  [4;35;1mPersona Columns (0.3ms)[0m   [0mSHOW FIELDS FROM `personas`[0m
Completed in 7ms (View: 3, DB: 1) | 200 OK [http://localhost/personas]
  [4;36;1mSQL (0.1ms)[0m   [0;1mSET NAMES 'utf8'[0m
  [4;35;1mSQL (0.1ms)[0m   [0mSET SQL_AUTO_IS_NULL=0[0m


Processing PersonasController#edit (for 127.0.0.1 at 2015-10-12 13:08:50) [GET]
  Parameters: {"id"=>"42319f92-710c-11e5-b967-3417ebba8c77"}
  [4;36;1mPersona Columns (0.3ms)[0m   [0;1mSHOW FIELDS FROM `personas`[0m
  [4;35;1mPersona Load (0.0ms)[0m   [0mSELECT * FROM `personas` WHERE (`personas`.`persona_id` = '42319f92-710c-11e5-b967-3417ebba8c77') [0m
Rendering template within layouts/personas
Rendering personas/edit
Completed in 15ms (View: 12, DB: 1) | 200 OK [http://localhost/personas/42319f92-710c-11e5-b967-3417ebba8c77/edit]
  [4;36;1mSQL (0.2ms)[0m   [0;1mSET NAMES 'utf8'[0m
  [4;35;1mSQL (0.2ms)[0m   [0mSET SQL_AUTO_IS_NULL=0[0m


Processing PersonasController#index (for 127.0.0.1 at 2015-10-12 13:08:52) [GET]
  [4;36;1mPersona Load (0.1ms)[0m   [0;1mSELECT * FROM `personas` [0m
Rendering template within layouts/personas
Rendering personas/index
  [4;35;1mPersona Columns (0.3ms)[0m   [0mSHOW FIELDS FROM `personas`[0m
Completed in 8ms (View: 3, DB: 1) | 200 OK [http://localhost/personas]
  [4;36;1mSQL (0.1ms)[0m   [0;1mSET NAMES 'utf8'[0m
  [4;35;1mSQL (0.1ms)[0m   [0mSET SQL_AUTO_IS_NULL=0[0m


Processing PersonasController#new (for 127.0.0.1 at 2015-10-12 13:08:55) [GET]
  [4;36;1mPersona Columns (0.4ms)[0m   [0;1mSHOW FIELDS FROM `personas`[0m
Rendering template within layouts/personas
Rendering personas/new
Completed in 16ms (View: 11, DB: 1) | 200 OK [http://localhost/personas/new]
  [4;35;1mSQL (0.0ms)[0m   [0mSET NAMES 'utf8'[0m
  [4;36;1mSQL (0.0ms)[0m   [0;1mSET SQL_AUTO_IS_NULL=0[0m


Processing PersonasController#index (for 172.20.60.20 at 2015-10-12 13:10:36) [GET]
Filter chain halted as [:authenticate] rendered_or_redirected.
Completed in 1ms (View: 0, DB: 0) | 401 Unauthorized [http://172.20.60.20/personas]
  [4;35;1mSQL (0.1ms)[0m   [0mSET NAMES 'utf8'[0m
  [4;36;1mSQL (0.0ms)[0m   [0;1mSET SQL_AUTO_IS_NULL=0[0m


Processing PersonasController#index (for 172.20.60.16 at 2015-10-12 13:10:39) [GET]
Filter chain halted as [:authenticate] rendered_or_redirected.
Completed in 1ms (View: 0, DB: 0) | 401 Unauthorized [http://172.20.60.20/personas]
  [4;35;1mSQL (0.2ms)[0m   [0mSET NAMES 'utf8'[0m
  [4;36;1mSQL (0.2ms)[0m   [0;1mSET SQL_AUTO_IS_NULL=0[0m


Processing PersonasController#index (for 172.20.60.16 at 2015-10-12 13:10:51) [GET]
Filter chain halted as [:authenticate] rendered_or_redirected.
Completed in 1ms (View: 0, DB: 0) | 401 Unauthorized [http://172.20.60.20/personas]
  [4;35;1mSQL (0.1ms)[0m   [0mSET NAMES 'utf8'[0m
  [4;36;1mSQL (0.1ms)[0m   [0;1mSET SQL_AUTO_IS_NULL=0[0m


Processing PersonasController#index (for 172.20.60.16 at 2015-10-12 13:11:01) [GET]
  [4;35;1mPersona Load (0.1ms)[0m   [0mSELECT * FROM `personas` [0m
Rendering template within layouts/personas
Rendering personas/index
  [4;36;1mPersona Columns (0.4ms)[0m   [0;1mSHOW FIELDS FROM `personas`[0m
Completed in 10ms (View: 5, DB: 1) | 200 OK [http://172.20.60.20/personas]
  [4;35;1mSQL (0.1ms)[0m   [0mSET NAMES 'utf8'[0m
  [4;36;1mSQL (0.1ms)[0m   [0;1mSET SQL_AUTO_IS_NULL=0[0m


Processing PersonasController#index (for 172.20.60.20 at 2015-10-12 13:11:02) [GET]
Filter chain halted as [:authenticate] rendered_or_redirected.
Completed in 1ms (View: 0, DB: 0) | 401 Unauthorized [http://172.20.60.20/personas]
  [4;35;1mSQL (0.2ms)[0m   [0mSET NAMES 'utf8'[0m
  [4;36;1mSQL (0.1ms)[0m   [0;1mSET SQL_AUTO_IS_NULL=0[0m


Processing PersonasController#index to xml (for 172.20.60.16 at 2015-10-12 13:11:18) [GET]
  [4;35;1mPersona Load (0.1ms)[0m   [0mSELECT * FROM `personas` [0m
  [4;36;1mPersona Columns (0.4ms)[0m   [0;1mSHOW FIELDS FROM `personas`[0m
Completed in 6ms (View: 2, DB: 1) | 200 OK [http://172.20.60.20/personas.xml]
  [4;35;1mSQL (0.1ms)[0m   [0mSET NAMES 'utf8'[0m
  [4;36;1mSQL (0.1ms)[0m   [0;1mSET SQL_AUTO_IS_NULL=0[0m


Processing PersonasController#show (for 172.20.60.16 at 2015-10-12 13:11:30) [GET]
  Parameters: {"id"=>"42319f92-710c-11e5-b967-3417ebba8c77"}
  [4;35;1mPersona Columns (0.4ms)[0m   [0mSHOW FIELDS FROM `personas`[0m
  [4;36;1mPersona Load (0.0ms)[0m   [0;1mSELECT * FROM `personas` WHERE (`personas`.`persona_id` = '42319f92-710c-11e5-b967-3417ebba8c77') [0m
Rendering template within layouts/personas
Rendering personas/show
Completed in 6ms (View: 2, DB: 1) | 200 OK [http://172.20.60.20/personas/42319f92-710c-11e5-b967-3417ebba8c77]
  [4;35;1mSQL (0.1ms)[0m   [0mSET NAMES 'utf8'[0m
  [4;36;1mSQL (0.1ms)[0m   [0;1mSET SQL_AUTO_IS_NULL=0[0m


Processing PersonasController#show to xml (for 172.20.60.16 at 2015-10-12 13:11:49) [GET]
  Parameters: {"id"=>"42319f92-710c-11e5-b967-3417ebba8c77"}
  [4;35;1mPersona Columns (0.5ms)[0m   [0mSHOW FIELDS FROM `personas`[0m
  [4;36;1mPersona Load (0.1ms)[0m   [0;1mSELECT * FROM `personas` WHERE (`personas`.`persona_id` = '42319f92-710c-11e5-b967-3417ebba8c77') [0m
Completed in 8ms (View: 2, DB: 1) | 200 OK [http://172.20.60.20/personas/42319f92-710c-11e5-b967-3417ebba8c77.xml]
  [4;35;1mSQL (0.0ms)[0m   [0mSET NAMES 'utf8'[0m
  [4;36;1mSQL (0.0ms)[0m   [0;1mSET SQL_AUTO_IS_NULL=0[0m


Processing PersonasController#show to json (for 172.20.60.16 at 2015-10-12 13:11:59) [GET]
  Parameters: {"id"=>"42319f92-710c-11e5-b967-3417ebba8c77"}
  [4;35;1mPersona Columns (0.4ms)[0m   [0mSHOW FIELDS FROM `personas`[0m
  [4;36;1mPersona Load (0.1ms)[0m   [0;1mSELECT * FROM `personas` WHERE (`personas`.`persona_id` = '42319f92-710c-11e5-b967-3417ebba8c77') [0m
Completed in 5ms (View: 0, DB: 1) | 406 Not Acceptable [http://172.20.60.20/personas/42319f92-710c-11e5-b967-3417ebba8c77.json]
  [4;36;1mSQL (0.5ms)[0m   [0;1mSET NAMES 'utf8'[0m
  [4;35;1mSQL (0.3ms)[0m   [0mSET SQL_AUTO_IS_NULL=0[0m


Processing PersonasController#index (for 127.0.0.1 at 2015-10-12 13:16:25) [GET]
  [4;36;1mPersona Load (55.8ms)[0m   [0;1mSELECT * FROM `pr_persona` [0m
Rendering template within layouts/personas
Rendering personas/index
  [4;35;1mPersona Columns (1.2ms)[0m   [0mSHOW FIELDS FROM `pr_persona`[0m

ActionView::TemplateError (persona_url failed to generate from {:controller=>"personas", :action=>"show", :id=>#<Persona id_persona: "0009532c-47bb-4cfd-9b35-4c01c03993f9", per_paterno: "ABARCA", per_materno: "ALFARO", per_nombre: "ROGER", per_rfc: nil, per_curp: nil, per_tipo: "FISICA", per_elaboracion: "2015-08-25 09:55:31", per_modificacion: "2015-08-25 09:55:32", per_activo_reg: nil, fk_usuario_alta: "59d23b5c-28fa-4b47-b410-d21f4c424e2e", fk_usuario_modificacion: "59d23b5c-28fa-4b47-b410-d21f4c424e2e", per_nacionalidad: 122, per_nacimiento: nil>}, expected: {:controller=>"personas", :action=>"show"}, diff: {:id=>#<Persona id_persona: "0009532c-47bb-4cfd-9b35-4c01c03993f9", per_paterno: "ABARCA", per_materno: "ALFARO", per_nombre: "ROGER", per_rfc: nil, per_curp: nil, per_tipo: "FISICA", per_elaboracion: "2015-08-25 09:55:31", per_modificacion: "2015-08-25 09:55:32", per_activo_reg: nil, fk_usuario_alta: "59d23b5c-28fa-4b47-b410-d21f4c424e2e", fk_usuario_modificacion: "59d23b5c-28fa-4b47-b410-d21f4c424e2e", per_nacionalidad: 122, per_nacimiento: nil>}) on line #27 of app/views/personas/index.html.erb:
24:     <td><%=h persona.per_elaboracion %></td>
25:     <td><%=h persona.per_modificacion %></td>
26:     <td><%=h persona.per_activo_reg %></td>
27:     <td><%= link_to 'Show', persona %></td>
28:     <td><%= link_to 'Edit', edit_persona_path(persona) %></td>
29:     <td><%= link_to 'Destroy', persona, :confirm => 'Are you sure?', :method => :delete %></td>
30:   </tr>

    (eval):17:in `persona_path'
    app/views/personas/index.html.erb:27
    app/views/personas/index.html.erb:16:in `each'
    app/views/personas/index.html.erb:16
    app/controllers/personas_controller.rb:8:in `index'
    /usr/lib/ruby/1.8/webrick/httpserver.rb:104:in `service'
    /usr/lib/ruby/1.8/webrick/httpserver.rb:65:in `run'
    /usr/lib/ruby/1.8/webrick/server.rb:173:in `start_thread'
    /usr/lib/ruby/1.8/webrick/server.rb:162:in `start'
    /usr/lib/ruby/1.8/webrick/server.rb:162

Rendered rescues/_trace (15.9ms)
Rendered rescues/_request_and_response (0.5ms)
Rendering rescues/layout (internal_server_error)
  [4;36;1mSQL (0.3ms)[0m   [0;1mSET NAMES 'utf8'[0m
  [4;35;1mSQL (0.4ms)[0m   [0mSET SQL_AUTO_IS_NULL=0[0m


Processing PersonasController#new (for 127.0.0.1 at 2015-10-12 13:16:49) [GET]
  [4;36;1mPersona Columns (1.3ms)[0m   [0;1mSHOW FIELDS FROM `pr_persona`[0m
Rendering template within layouts/personas
Rendering personas/new
Completed in 16ms (View: 12, DB: 2) | 200 OK [http://localhost/personas/new]
  [4;35;1mSQL (0.5ms)[0m   [0mSET NAMES 'utf8'[0m
  [4;36;1mSQL (0.3ms)[0m   [0;1mSET SQL_AUTO_IS_NULL=0[0m


Processing PersonasController#create (for 127.0.0.1 at 2015-10-12 13:17:01) [POST]
  Parameters: {"authenticity_token"=>"l8KXnMWvFkrwheU0klfOiw7MIUHQVRXicoQW924YFEQ=", "commit"=>"Create", "persona"=>{"per_activo_reg"=>"0", "per_elaboracion(3i)"=>"12", "per_elaboracion(2i)"=>"10", "per_elaboracion(1i)"=>"2015", "per_curp"=>"MOLC850912HCSNPR02", "per_elaboracion(5i)"=>"16", "per_elaboracion(4i)"=>"18", "per_materno"=>"LOPEZ", "per_paterno"=>"MONTERROSA", "per_modificacion(4i)"=>"18", "per_modificacion(3i)"=>"12", "per_modificacion(2i)"=>"10", "per_modificacion(1i)"=>"2015", "per_modificacion(5i)"=>"16", "per_rfc"=>"", "per_nombre"=>"CARLOS", "per_tipo"=>""}}
  [4;35;1mPersona Columns (1.2ms)[0m   [0mSHOW FIELDS FROM `pr_persona`[0m
  [4;36;1mSQL (0.3ms)[0m   [0;1mBEGIN[0m
  [4;35;1mSQL (0.5ms)[0m   [0mROLLBACK[0m

NoMethodError (undefined method `persona_id=' for #<Persona:0x7f059feac8a0>):
  lib/uuid_helper.rb:8:in `before_create'
  app/controllers/personas_controller.rb:50:in `create'
  app/controllers/personas_controller.rb:49:in `create'
  /usr/lib/ruby/1.8/webrick/httpserver.rb:104:in `service'
  /usr/lib/ruby/1.8/webrick/httpserver.rb:65:in `run'
  /usr/lib/ruby/1.8/webrick/server.rb:173:in `start_thread'
  /usr/lib/ruby/1.8/webrick/server.rb:162:in `start'
  /usr/lib/ruby/1.8/webrick/server.rb:162

Rendered rescues/_trace (14.7ms)
Rendered rescues/_request_and_response (0.2ms)
Rendering rescues/layout (internal_server_error)
  [4;36;1mSQL (0.5ms)[0m   [0;1mSET NAMES 'utf8'[0m
  [4;35;1mSQL (0.3ms)[0m   [0mSET SQL_AUTO_IS_NULL=0[0m


Processing PersonasController#index (for 127.0.0.1 at 2015-10-12 13:18:02) [GET]
  [4;36;1mPersona Load (55.9ms)[0m   [0;1mSELECT * FROM `pr_persona` [0m
Rendering template within layouts/personas
Rendering personas/index
  [4;35;1mPersona Columns (1.2ms)[0m   [0mSHOW FIELDS FROM `pr_persona`[0m
Completed in 4742ms (View: 4631, DB: 58) | 200 OK [http://localhost/personas]
  [4;36;1mSQL (0.3ms)[0m   [0;1mSET NAMES 'utf8'[0m
  [4;35;1mSQL (0.5ms)[0m   [0mSET SQL_AUTO_IS_NULL=0[0m


Processing PersonasController#index (for 172.20.60.16 at 2015-10-12 13:18:21) [GET]
  [4;36;1mPersona Load (55.9ms)[0m   [0;1mSELECT * FROM `pr_persona` [0m
Rendering template within layouts/personas
Rendering personas/index
  [4;35;1mPersona Columns (1.1ms)[0m   [0mSHOW FIELDS FROM `pr_persona`[0m
Completed in 4265ms (View: 4176, DB: 58) | 200 OK [http://172.20.60.20/personas]
  [4;36;1mSQL (0.4ms)[0m   [0;1mSET NAMES 'utf8'[0m
  [4;35;1mSQL (0.4ms)[0m   [0mSET SQL_AUTO_IS_NULL=0[0m


Processing PersonasController#show (for 172.20.60.16 at 2015-10-12 13:18:33) [GET]
  Parameters: {"id"=>"002a2262-558a-43ce-9348-209defb98701"}
  [4;36;1mPersona Columns (1.3ms)[0m   [0;1mSHOW FIELDS FROM `pr_persona`[0m
  [4;35;1mPersona Load (0.9ms)[0m   [0mSELECT * FROM `pr_persona` WHERE (`pr_persona`.`id_persona` = '002a2262-558a-43ce-9348-209defb98701') [0m
Rendering template within layouts/personas
Rendering personas/show
Completed in 14ms (View: 4, DB: 3) | 200 OK [http://172.20.60.20/personas/002a2262-558a-43ce-9348-209defb98701]
  [4;36;1mSQL (0.5ms)[0m   [0;1mSET NAMES 'utf8'[0m
  [4;35;1mSQL (0.3ms)[0m   [0mSET SQL_AUTO_IS_NULL=0[0m


Processing PersonasController#show to json (for 172.20.60.16 at 2015-10-12 13:18:39) [GET]
  Parameters: {"id"=>"002a2262-558a-43ce-9348-209defb98701"}
  [4;36;1mPersona Columns (22.2ms)[0m   [0;1mSHOW FIELDS FROM `pr_persona`[0m
  [4;35;1mPersona Load (1.0ms)[0m   [0mSELECT * FROM `pr_persona` WHERE (`pr_persona`.`id_persona` = '002a2262-558a-43ce-9348-209defb98701') [0m
Completed in 28ms (View: 0, DB: 24) | 406 Not Acceptable [http://172.20.60.20/personas/002a2262-558a-43ce-9348-209defb98701.json]
  [4;36;1mSQL (0.4ms)[0m   [0;1mSET NAMES 'utf8'[0m
  [4;35;1mSQL (0.4ms)[0m   [0mSET SQL_AUTO_IS_NULL=0[0m


Processing PersonasController#show to xml (for 172.20.60.16 at 2015-10-12 13:18:44) [GET]
  Parameters: {"id"=>"002a2262-558a-43ce-9348-209defb98701"}
  [4;36;1mPersona Columns (1.2ms)[0m   [0;1mSHOW FIELDS FROM `pr_persona`[0m
  [4;35;1mPersona Load (0.9ms)[0m   [0mSELECT * FROM `pr_persona` WHERE (`pr_persona`.`id_persona` = '002a2262-558a-43ce-9348-209defb98701') [0m
Completed in 9ms (View: 2, DB: 3) | 200 OK [http://172.20.60.20/personas/002a2262-558a-43ce-9348-209defb98701.xml]
  [4;36;1mSQL (0.4ms)[0m   [0;1mSET NAMES 'utf8'[0m
  [4;35;1mSQL (0.4ms)[0m   [0mSET SQL_AUTO_IS_NULL=0[0m


Processing ApplicationController#index (for 172.20.60.16 at 2015-10-12 13:19:10) [GET]

ActionController::RoutingError (No route matches "/personas-new" with {:method=>:get}):
  /usr/lib/ruby/1.8/webrick/httpserver.rb:104:in `service'
  /usr/lib/ruby/1.8/webrick/httpserver.rb:65:in `run'
  /usr/lib/ruby/1.8/webrick/server.rb:173:in `start_thread'
  /usr/lib/ruby/1.8/webrick/server.rb:162:in `start'
  /usr/lib/ruby/1.8/webrick/server.rb:162

Rendering rescues/layout (not_found)
  [4;36;1mSQL (0.4ms)[0m   [0;1mSET NAMES 'utf8'[0m
  [4;35;1mSQL (0.4ms)[0m   [0mSET SQL_AUTO_IS_NULL=0[0m


Processing PersonasController#new (for 172.20.60.16 at 2015-10-12 13:19:13) [GET]
  [4;36;1mPersona Columns (1.3ms)[0m   [0;1mSHOW FIELDS FROM `pr_persona`[0m
Rendering template within layouts/personas
Rendering personas/new
Completed in 19ms (View: 12, DB: 2) | 200 OK [http://172.20.60.20/personas/new]
  [4;35;1mSQL (0.4ms)[0m   [0mSET NAMES 'utf8'[0m
  [4;36;1mSQL (0.3ms)[0m   [0;1mSET SQL_AUTO_IS_NULL=0[0m


Processing PersonasController#index (for 172.20.60.16 at 2015-10-12 13:19:43) [GET]
  [4;35;1mPersona Load (55.8ms)[0m   [0mSELECT * FROM `pr_persona` [0m
Rendering template within layouts/personas
Rendering personas/index
  [4;36;1mPersona Columns (1.3ms)[0m   [0;1mSHOW FIELDS FROM `pr_persona`[0m
Completed in 4247ms (View: 4109, DB: 58) | 200 OK [http://172.20.60.20/personas]
  [4;35;1mSQL (0.5ms)[0m   [0mSET NAMES 'utf8'[0m
  [4;36;1mSQL (0.3ms)[0m   [0;1mSET SQL_AUTO_IS_NULL=0[0m


Processing PersonasController#show (for 127.0.0.1 at 2015-10-12 13:19:52) [GET]
  Parameters: {"id"=>"0182facb-1193-4841-84ed-05faaec0fc42"}
  [4;35;1mPersona Columns (1.2ms)[0m   [0mSHOW FIELDS FROM `pr_persona`[0m
  [4;36;1mPersona Load (0.9ms)[0m   [0;1mSELECT * FROM `pr_persona` WHERE (`pr_persona`.`id_persona` = '0182facb-1193-4841-84ed-05faaec0fc42') [0m
Rendering template within layouts/personas
Rendering personas/show
Completed in 8ms (View: 2, DB: 3) | 200 OK [http://localhost/personas/0182facb-1193-4841-84ed-05faaec0fc42]
  [4;35;1mSQL (0.3ms)[0m   [0mSET NAMES 'utf8'[0m
  [4;36;1mSQL (0.3ms)[0m   [0;1mSET SQL_AUTO_IS_NULL=0[0m


Processing PersonasController#show (for 127.0.0.1 at 2015-10-12 13:20:02) [GET]
  Parameters: {"id"=>"026107ed-c8e0-4b91-aa8b-22495de9343c"}
  [4;35;1mPersona Columns (1.3ms)[0m   [0mSHOW FIELDS FROM `pr_persona`[0m
  [4;36;1mPersona Load (0.9ms)[0m   [0;1mSELECT * FROM `pr_persona` WHERE (`pr_persona`.`id_persona` = '026107ed-c8e0-4b91-aa8b-22495de9343c') [0m
Rendering template within layouts/personas
Rendering personas/show
Completed in 10ms (View: 2, DB: 3) | 200 OK [http://localhost/personas/026107ed-c8e0-4b91-aa8b-22495de9343c]
  [4;35;1mSQL (0.3ms)[0m   [0mSET NAMES 'utf8'[0m
  [4;36;1mSQL (0.3ms)[0m   [0;1mSET SQL_AUTO_IS_NULL=0[0m


Processing PersonasController#show (for 127.0.0.1 at 2015-10-12 13:20:18) [GET]
  Parameters: {"id"=>"e37fafea-8375-4253-b494-aaf4aef1f550"}
  [4;35;1mPersona Columns (1.3ms)[0m   [0mSHOW FIELDS FROM `pr_persona`[0m
  [4;36;1mPersona Load (0.9ms)[0m   [0;1mSELECT * FROM `pr_persona` WHERE (`pr_persona`.`id_persona` = 'e37fafea-8375-4253-b494-aaf4aef1f550') [0m
Rendering template within layouts/personas
Rendering personas/show
Completed in 12ms (View: 2, DB: 3) | 200 OK [http://localhost/personas/e37fafea-8375-4253-b494-aaf4aef1f550]
  [4;35;1mSQL (0.3ms)[0m   [0mSET NAMES 'utf8'[0m
  [4;36;1mSQL (0.3ms)[0m   [0;1mSET SQL_AUTO_IS_NULL=0[0m


Processing PersonasController#show to json (for 127.0.0.1 at 2015-10-12 13:20:24) [GET]
  Parameters: {"id"=>"e37fafea-8375-4253-b494-aaf4aef1f550"}
  [4;35;1mPersona Columns (1.3ms)[0m   [0mSHOW FIELDS FROM `pr_persona`[0m
  [4;36;1mPersona Load (0.9ms)[0m   [0;1mSELECT * FROM `pr_persona` WHERE (`pr_persona`.`id_persona` = 'e37fafea-8375-4253-b494-aaf4aef1f550') [0m
Completed in 6ms (View: 0, DB: 3) | 406 Not Acceptable [http://localhost/personas/e37fafea-8375-4253-b494-aaf4aef1f550.json]
  [4;35;1mSQL (0.6ms)[0m   [0mSET NAMES 'utf8'[0m
  [4;36;1mSQL (0.4ms)[0m   [0;1mSET SQL_AUTO_IS_NULL=0[0m


Processing PersonasController#show to json (for 127.0.0.1 at 2015-10-12 13:20:38) [GET]
  Parameters: {"id"=>"e37fafea-8375-4253-b494-aaf4aef1f550"}
  [4;35;1mPersona Columns (1.3ms)[0m   [0mSHOW FIELDS FROM `pr_persona`[0m
  [4;36;1mPersona Load (0.9ms)[0m   [0;1mSELECT * FROM `pr_persona` WHERE (`pr_persona`.`id_persona` = 'e37fafea-8375-4253-b494-aaf4aef1f550') [0m
Completed in 8ms (View: 0, DB: 3) | 200 OK [http://localhost/personas/e37fafea-8375-4253-b494-aaf4aef1f550.json]
  [4;35;1mSQL (0.3ms)[0m   [0mSET NAMES 'utf8'[0m
  [4;36;1mSQL (0.3ms)[0m   [0;1mSET SQL_AUTO_IS_NULL=0[0m


Processing PersonasController#show (for 172.20.60.16 at 2015-10-12 13:20:43) [GET]
  Parameters: {"id"=>"0094a69b-ad20-4508-8658-97f7d87b4f36"}
  [4;35;1mPersona Columns (1.2ms)[0m   [0mSHOW FIELDS FROM `pr_persona`[0m
  [4;36;1mPersona Load (0.9ms)[0m   [0;1mSELECT * FROM `pr_persona` WHERE (`pr_persona`.`id_persona` = '0094a69b-ad20-4508-8658-97f7d87b4f36') [0m
Rendering template within layouts/personas
Rendering personas/show
Completed in 60ms (View: 2, DB: 3) | 200 OK [http://172.20.60.20/personas/0094a69b-ad20-4508-8658-97f7d87b4f36]
  [4;35;1mSQL (0.4ms)[0m   [0mSET NAMES 'utf8'[0m
  [4;36;1mSQL (0.4ms)[0m   [0;1mSET SQL_AUTO_IS_NULL=0[0m


Processing PersonasController#show to json (for 172.20.60.16 at 2015-10-12 13:20:47) [GET]
  Parameters: {"id"=>"0094a69b-ad20-4508-8658-97f7d87b4f36"}
  [4;35;1mPersona Columns (1.3ms)[0m   [0mSHOW FIELDS FROM `pr_persona`[0m
  [4;36;1mPersona Load (0.9ms)[0m   [0;1mSELECT * FROM `pr_persona` WHERE (`pr_persona`.`id_persona` = '0094a69b-ad20-4508-8658-97f7d87b4f36') [0m
Completed in 11ms (View: 0, DB: 3) | 200 OK [http://172.20.60.20/personas/0094a69b-ad20-4508-8658-97f7d87b4f36.json]
  [4;35;1mSQL (0.3ms)[0m   [0mSET NAMES 'utf8'[0m
  [4;36;1mSQL (0.3ms)[0m   [0;1mSET SQL_AUTO_IS_NULL=0[0m


Processing PersonasController#show (for 127.0.0.1 at 2015-10-12 13:22:37) [GET]
  Parameters: {"id"=>"002a2262-558a-43ce-9348-209defb98701"}
  [4;35;1mPersona Columns (1.3ms)[0m   [0mSHOW FIELDS FROM `pr_persona`[0m
  [4;36;1mPersona Load (0.9ms)[0m   [0;1mSELECT * FROM `pr_persona` WHERE (`pr_persona`.`id_persona` = '002a2262-558a-43ce-9348-209defb98701') [0m
Rendering template within layouts/personas
Rendering personas/show
Completed in 12ms (View: 2, DB: 3) | 200 OK [http://localhost/personas/002a2262-558a-43ce-9348-209defb98701]
  [4;35;1mSQL (0.3ms)[0m   [0mSET NAMES 'utf8'[0m
  [4;36;1mSQL (0.3ms)[0m   [0;1mSET SQL_AUTO_IS_NULL=0[0m


Processing PersonasController#index (for 127.0.0.1 at 2015-10-12 13:22:45) [GET]
  [4;35;1mPersona Load (55.9ms)[0m   [0mSELECT * FROM `pr_persona` [0m
Rendering template within layouts/personas
Rendering personas/index
  [4;36;1mPersona Columns (1.3ms)[0m   [0;1mSHOW FIELDS FROM `pr_persona`[0m
Completed in 4297ms (View: 4220, DB: 58) | 200 OK [http://localhost/personas]
  [4;35;1mSQL (0.3ms)[0m   [0mSET NAMES 'utf8'[0m
  [4;36;1mSQL (0.3ms)[0m   [0;1mSET SQL_AUTO_IS_NULL=0[0m


Processing PersonasController#index (for 127.0.0.1 at 2015-10-12 13:22:49) [GET]
  [4;35;1mPersona Load (56.0ms)[0m   [0mSELECT * FROM `pr_persona` [0m
Rendering template within layouts/personas
Rendering personas/index
  [4;36;1mPersona Columns (1.3ms)[0m   [0;1mSHOW FIELDS FROM `pr_persona`[0m
Completed in 4432ms (View: 4292, DB: 58) | 200 OK [http://localhost/personas]
  [4;35;1mSQL (0.4ms)[0m   [0mSET NAMES 'utf8'[0m
  [4;36;1mSQL (0.5ms)[0m   [0;1mSET SQL_AUTO_IS_NULL=0[0m


Processing PersonasController#edit (for 127.0.0.1 at 2015-10-12 13:22:53) [GET]
  Parameters: {"id"=>"002a2262-558a-43ce-9348-209defb98701"}
  [4;35;1mPersona Columns (1.2ms)[0m   [0mSHOW FIELDS FROM `pr_persona`[0m
  [4;36;1mPersona Load (0.8ms)[0m   [0;1mSELECT * FROM `pr_persona` WHERE (`pr_persona`.`id_persona` = '002a2262-558a-43ce-9348-209defb98701') [0m
Rendering template within layouts/personas
Rendering personas/edit
Completed in 22ms (View: 15, DB: 3) | 200 OK [http://localhost/personas/002a2262-558a-43ce-9348-209defb98701/edit]
  [4;36;1mSQL (0.4ms)[0m   [0;1mSET NAMES 'utf8'[0m
  [4;35;1mSQL (0.4ms)[0m   [0mSET SQL_AUTO_IS_NULL=0[0m


Processing PersonasController#show to xml (for 127.0.0.1 at 2015-10-12 13:49:37) [GET]
  Parameters: {"id"=>"1"}
  [4;36;1mPersona Columns (1.3ms)[0m   [0;1mSHOW FIELDS FROM `pr_persona`[0m
  [4;35;1mPersona Load (0.8ms)[0m   [0mSELECT * FROM `pr_persona` WHERE (`pr_persona`.`id_persona` = '1') [0m

ActiveRecord::RecordNotFound (Couldn't find Persona with ID=1):
  app/controllers/personas_controller.rb:18:in `show'
  /usr/lib/ruby/1.8/webrick/httpserver.rb:104:in `service'
  /usr/lib/ruby/1.8/webrick/httpserver.rb:65:in `run'
  /usr/lib/ruby/1.8/webrick/server.rb:173:in `start_thread'
  /usr/lib/ruby/1.8/webrick/server.rb:162:in `start'
  /usr/lib/ruby/1.8/webrick/server.rb:162

Rendered rescues/_trace (33.4ms)
Rendered rescues/_request_and_response (0.5ms)
Rendering rescues/layout (not_found)
  [4;36;1mSQL (0.3ms)[0m   [0;1mSET NAMES 'utf8'[0m
  [4;35;1mSQL (0.3ms)[0m   [0mSET SQL_AUTO_IS_NULL=0[0m


Processing PersonasController#index (for 127.0.0.1 at 2015-10-12 13:50:32) [GET]
Filter chain halted as [:authenticate] rendered_or_redirected.
Completed in 3ms (View: 2, DB: 1) | 401 Unauthorized [http://localhost/personas]
  [4;36;1mSQL (0.3ms)[0m   [0;1mSET NAMES 'utf8'[0m
  [4;35;1mSQL (0.3ms)[0m   [0mSET SQL_AUTO_IS_NULL=0[0m


Processing PersonasController#index (for 127.0.0.1 at 2015-10-12 13:50:38) [GET]
  [4;36;1mPersona Load (55.8ms)[0m   [0;1mSELECT * FROM `pr_persona` [0m
Rendering template within layouts/personas
Rendering personas/index
  [4;35;1mPersona Columns (1.2ms)[0m   [0mSHOW FIELDS FROM `pr_persona`[0m
Completed in 4715ms (View: 4636, DB: 58) | 200 OK [http://localhost/personas]
  [4;36;1mSQL (0.3ms)[0m   [0;1mSET NAMES 'utf8'[0m
  [4;35;1mSQL (0.3ms)[0m   [0mSET SQL_AUTO_IS_NULL=0[0m


Processing PersonasController#edit (for 127.0.0.1 at 2015-10-12 13:50:46) [GET]
  Parameters: {"id"=>"002301a9-a6a2-47d1-a3ed-f3bdbe01b23b"}
  [4;36;1mPersona Columns (1.2ms)[0m   [0;1mSHOW FIELDS FROM `pr_persona`[0m
  [4;35;1mPersona Load (0.8ms)[0m   [0mSELECT * FROM `pr_persona` WHERE (`pr_persona`.`id_persona` = '002301a9-a6a2-47d1-a3ed-f3bdbe01b23b') [0m
Rendering template within layouts/personas
Rendering personas/edit
Completed in 26ms (View: 16, DB: 3) | 200 OK [http://localhost/personas/002301a9-a6a2-47d1-a3ed-f3bdbe01b23b/edit]
  [4;36;1mSQL (0.4ms)[0m   [0;1mSET NAMES 'utf8'[0m
  [4;35;1mSQL (0.4ms)[0m   [0mSET SQL_AUTO_IS_NULL=0[0m


Processing PersonasController#show to xml (for 127.0.0.1 at 2015-10-12 13:51:07) [GET]
  Parameters: {"id"=>"002301a9-a6a2-47d1-a3ed-f3bdbe01b23b"}
  [4;36;1mPersona Columns (1.2ms)[0m   [0;1mSHOW FIELDS FROM `pr_persona`[0m
  [4;35;1mPersona Load (0.9ms)[0m   [0mSELECT * FROM `pr_persona` WHERE (`pr_persona`.`id_persona` = '002301a9-a6a2-47d1-a3ed-f3bdbe01b23b') [0m
Completed in 8ms (View: 2, DB: 3) | 200 OK [http://localhost/personas/002301a9-a6a2-47d1-a3ed-f3bdbe01b23b.xml]
  [4;36;1mSQL (0.3ms)[0m   [0;1mSET NAMES 'utf8'[0m
  [4;35;1mSQL (0.3ms)[0m   [0mSET SQL_AUTO_IS_NULL=0[0m


Processing PersonasController#show_curp (for 127.0.0.1 at 2015-10-12 14:01:02) [GET]
  Parameters: {"id"=>"LOLJ760313HCSPPL09"}

ActionController::UnknownAction (No action responded to show_curp. Actions: create, destroy, edit, index, new, show, show_by_curp, and update):
  /usr/lib/ruby/1.8/webrick/httpserver.rb:104:in `service'
  /usr/lib/ruby/1.8/webrick/httpserver.rb:65:in `run'
  /usr/lib/ruby/1.8/webrick/server.rb:173:in `start_thread'
  /usr/lib/ruby/1.8/webrick/server.rb:162:in `start'
  /usr/lib/ruby/1.8/webrick/server.rb:162

Rendering rescues/layout (not_found)
  [4;36;1mSQL (0.3ms)[0m   [0;1mSET NAMES 'utf8'[0m
  [4;35;1mSQL (0.3ms)[0m   [0mSET SQL_AUTO_IS_NULL=0[0m


Processing PersonasController#show_by_curp (for 127.0.0.1 at 2015-10-12 14:01:12) [GET]
  Parameters: {"id"=>"LOLJ760313HCSPPL09"}
  [4;36;1mPersona Columns (1.3ms)[0m   [0;1mSHOW FIELDS FROM `pr_persona`[0m
  [4;35;1mPersona Load (0.8ms)[0m   [0mSELECT * FROM `pr_persona` WHERE (`pr_persona`.`per_curp` IS NULL) LIMIT 1[0m
Redirected to http://localhost:3001/personas/LOLJ760313HCSPPL09
Completed in 39ms (DB: 3) | 302 Found [http://localhost/personas/show_by_curp/LOLJ760313HCSPPL09]
  [4;36;1mSQL (0.2ms)[0m   [0;1mSET NAMES 'utf8'[0m
  [4;35;1mSQL (0.3ms)[0m   [0mSET SQL_AUTO_IS_NULL=0[0m


Processing PersonasController#show (for 127.0.0.1 at 2015-10-12 14:01:13) [GET]
  Parameters: {"id"=>"LOLJ760313HCSPPL09"}
  [4;36;1mPersona Columns (1.3ms)[0m   [0;1mSHOW FIELDS FROM `pr_persona`[0m
  [4;35;1mPersona Load (0.8ms)[0m   [0mSELECT * FROM `pr_persona` WHERE (`pr_persona`.`id_persona` = 'LOLJ760313HCSPPL09') [0m

ActiveRecord::RecordNotFound (Couldn't find Persona with ID=LOLJ760313HCSPPL09):
  app/controllers/personas_controller.rb:18:in `show'
  /usr/lib/ruby/1.8/webrick/httpserver.rb:104:in `service'
  /usr/lib/ruby/1.8/webrick/httpserver.rb:65:in `run'
  /usr/lib/ruby/1.8/webrick/server.rb:173:in `start_thread'
  /usr/lib/ruby/1.8/webrick/server.rb:162:in `start'
  /usr/lib/ruby/1.8/webrick/server.rb:162

Rendered rescues/_trace (12.3ms)
Rendered rescues/_request_and_response (0.7ms)
Rendering rescues/layout (not_found)
  [4;36;1mSQL (0.3ms)[0m   [0;1mSET NAMES 'utf8'[0m
  [4;35;1mSQL (0.3ms)[0m   [0mSET SQL_AUTO_IS_NULL=0[0m


Processing PersonasController#show_curp (for 127.0.0.1 at 2015-10-12 14:01:34) [GET]
  Parameters: {"id"=>"LOLJ760313HCSPPL09"}

ActionController::UnknownAction (No action responded to show_curp. Actions: create, destroy, edit, index, new, show, show_by_curp, and update):
  /usr/lib/ruby/1.8/webrick/httpserver.rb:104:in `service'
  /usr/lib/ruby/1.8/webrick/httpserver.rb:65:in `run'
  /usr/lib/ruby/1.8/webrick/server.rb:173:in `start_thread'
  /usr/lib/ruby/1.8/webrick/server.rb:162:in `start'
  /usr/lib/ruby/1.8/webrick/server.rb:162

Rendering rescues/layout (not_found)
  [4;36;1mSQL (0.3ms)[0m   [0;1mSET NAMES 'utf8'[0m
  [4;35;1mSQL (0.3ms)[0m   [0mSET SQL_AUTO_IS_NULL=0[0m


Processing PersonasController#show_by_curp (for 127.0.0.1 at 2015-10-12 14:01:39) [GET]
  Parameters: {"id"=>"LOLJ760313HCSPPL09"}
  [4;36;1mPersona Columns (1.2ms)[0m   [0;1mSHOW FIELDS FROM `pr_persona`[0m
  [4;35;1mPersona Load (0.8ms)[0m   [0mSELECT * FROM `pr_persona` WHERE (`pr_persona`.`per_curp` IS NULL) LIMIT 1[0m
Redirected to http://localhost:3001/personas/0009532c-47bb-4cfd-9b35-4c01c03993f9
Completed in 8ms (DB: 3) | 302 Found [http://localhost/personas/show_by_curp/LOLJ760313HCSPPL09]
  [4;36;1mSQL (0.3ms)[0m   [0;1mSET NAMES 'utf8'[0m
  [4;35;1mSQL (0.3ms)[0m   [0mSET SQL_AUTO_IS_NULL=0[0m


Processing PersonasController#show (for 127.0.0.1 at 2015-10-12 14:01:39) [GET]
  Parameters: {"id"=>"0009532c-47bb-4cfd-9b35-4c01c03993f9"}
  [4;36;1mPersona Columns (1.2ms)[0m   [0;1mSHOW FIELDS FROM `pr_persona`[0m
  [4;35;1mPersona Load (0.8ms)[0m   [0mSELECT * FROM `pr_persona` WHERE (`pr_persona`.`id_persona` = '0009532c-47bb-4cfd-9b35-4c01c03993f9') [0m
Rendering template within layouts/personas
Rendering personas/show
Completed in 15ms (View: 9, DB: 3) | 200 OK [http://localhost/personas/0009532c-47bb-4cfd-9b35-4c01c03993f9]
  [4;36;1mSQL (0.3ms)[0m   [0;1mSET NAMES 'utf8'[0m
  [4;35;1mSQL (0.5ms)[0m   [0mSET SQL_AUTO_IS_NULL=0[0m


Processing PersonasController#show_by_curp to json (for 127.0.0.1 at 2015-10-12 14:02:04) [GET]
  Parameters: {"id"=>"LOLJ760313HCSPPL09"}
  [4;36;1mPersona Columns (1.2ms)[0m   [0;1mSHOW FIELDS FROM `pr_persona`[0m
  [4;35;1mPersona Load (0.8ms)[0m   [0mSELECT * FROM `pr_persona` WHERE (`pr_persona`.`per_curp` IS NULL) LIMIT 1[0m
Completed in 7ms (View: 0, DB: 3) | 200 OK [http://localhost/personas/show_by_curp/LOLJ760313HCSPPL09.json]
  [4;36;1mSQL (0.3ms)[0m   [0;1mSET NAMES 'utf8'[0m
  [4;35;1mSQL (0.3ms)[0m   [0mSET SQL_AUTO_IS_NULL=0[0m


Processing PersonasController#new to xml (for 127.0.0.1 at 2015-10-12 14:05:53) [POST]
  Parameters: {"id"=>"find_by_curp", "persona"=>{"name"=>"Ryan"}}
  [4;36;1mPersona Columns (1.4ms)[0m   [0;1mSHOW FIELDS FROM `pr_persona`[0m
Completed in 31ms (View: 4, DB: 2) | 200 OK [http://localhost/personas/new/find_by_curp.xml]
  [4;35;1mSQL (0.7ms)[0m   [0mSET NAMES 'utf8'[0m
  [4;36;1mSQL (0.4ms)[0m   [0;1mSET SQL_AUTO_IS_NULL=0[0m


Processing PersonasController#show to xml (for 127.0.0.1 at 2015-10-12 14:06:52) [GET]
  Parameters: {"id"=>"find_by_curp", "curp"=>"LOLJ760313HCSPPL09"}
  [4;35;1mPersona Columns (1.2ms)[0m   [0mSHOW FIELDS FROM `pr_persona`[0m
  [4;36;1mPersona Load (0.9ms)[0m   [0;1mSELECT * FROM `pr_persona` WHERE (`pr_persona`.`id_persona` = 'find_by_curp') [0m

ActiveRecord::RecordNotFound (Couldn't find Persona with ID=find_by_curp):
  app/controllers/personas_controller.rb:18:in `show'
  /usr/lib/ruby/1.8/webrick/httpserver.rb:104:in `service'
  /usr/lib/ruby/1.8/webrick/httpserver.rb:65:in `run'
  /usr/lib/ruby/1.8/webrick/server.rb:173:in `start_thread'
  /usr/lib/ruby/1.8/webrick/server.rb:162:in `start'
  /usr/lib/ruby/1.8/webrick/server.rb:162

Rendered rescues/_trace (14.5ms)
Rendered rescues/_request_and_response (0.3ms)
Rendering rescues/layout (not_found)
  [4;35;1mSQL (0.4ms)[0m   [0mSET NAMES 'utf8'[0m
  [4;36;1mSQL (0.4ms)[0m   [0;1mSET SQL_AUTO_IS_NULL=0[0m


Processing PersonasController#show_by_curp to xml (for 127.0.0.1 at 2015-10-12 14:06:59) [GET]
  Parameters: {"curp"=>"LOLJ760313HCSPPL09"}
  [4;35;1mPersona Columns (1.3ms)[0m   [0mSHOW FIELDS FROM `pr_persona`[0m
  [4;36;1mPersona Load (0.9ms)[0m   [0;1mSELECT * FROM `pr_persona` WHERE (`pr_persona`.`per_curp` = 'LOLJ760313HCSPPL09') LIMIT 1[0m
Completed in 12ms (View: 3, DB: 3) | 200 OK [http://localhost/personas/show_by_curp.xml?curp=LOLJ760313HCSPPL09]
  [4;35;1mSQL (0.4ms)[0m   [0mSET NAMES 'utf8'[0m
  [4;36;1mSQL (0.4ms)[0m   [0;1mSET SQL_AUTO_IS_NULL=0[0m


Processing PersonasController#show_by_curp to xml (for 127.0.0.1 at 2015-10-12 14:07:21) [GET]
  Parameters: {"curp"=>"LOLJ760313HCSPPL09"}
  [4;35;1mPersona Columns (1.3ms)[0m   [0mSHOW FIELDS FROM `pr_persona`[0m
  [4;36;1mPersona Load (0.9ms)[0m   [0;1mSELECT * FROM `pr_persona` WHERE (`pr_persona`.`per_curp` = 'LOLJ760313HCSPPL09') LIMIT 1[0m
Completed in 13ms (View: 2, DB: 3) | 200 OK [http://localhost/personas/show_by_curp.xml?curp=LOLJ760313HCSPPL09]
  [4;35;1mSQL (0.5ms)[0m   [0mSET NAMES 'utf8'[0m
  [4;36;1mSQL (0.3ms)[0m   [0;1mSET SQL_AUTO_IS_NULL=0[0m


Processing PersonasController#show_by_curp to xml (for 127.0.0.1 at 2015-10-12 14:11:17) [GET]
  Parameters: {"curp"=>"LOLJ760313HCSPPL09"}
  [4;35;1mPersona Columns (1.2ms)[0m   [0mSHOW FIELDS FROM `pr_persona`[0m
  [4;36;1mPersona Load (0.8ms)[0m   [0;1mSELECT * FROM `pr_persona` WHERE (`pr_persona`.`per_curp` = 'LOLJ760313HCSPPL09') LIMIT 1[0m
Completed in 11ms (View: 3, DB: 3) | 200 OK [http://localhost/personas/show_by_curp.xml?curp=LOLJ760313HCSPPL09]
  [4;35;1mSQL (0.5ms)[0m   [0mSET NAMES 'utf8'[0m
  [4;36;1mSQL (0.3ms)[0m   [0;1mSET SQL_AUTO_IS_NULL=0[0m


Processing PersonasController#show_by_curp to json (for 127.0.0.1 at 2015-10-12 14:19:58) [GET]
  Parameters: {"id"=>"LOLJ760313HCSPPL09"}
  [4;35;1mPersona Columns (1.2ms)[0m   [0mSHOW FIELDS FROM `pr_persona`[0m
  [4;36;1mPersona Load (0.8ms)[0m   [0;1mSELECT * FROM `pr_persona` WHERE (`pr_persona`.`per_curp` IS NULL) LIMIT 1[0m
Completed in 37ms (View: 0, DB: 3) | 200 OK [http://localhost/personas/show_by_curp/LOLJ760313HCSPPL09.json]
  [4;35;1mSQL (0.3ms)[0m   [0mSET NAMES 'utf8'[0m
  [4;36;1mSQL (0.3ms)[0m   [0;1mSET SQL_AUTO_IS_NULL=0[0m


Processing PersonasController#show_by_curp (for 127.0.0.1 at 2015-10-12 14:20:02) [GET]
  Parameters: {"id"=>"LOLJ760313HCSPPL09"}
  [4;35;1mPersona Columns (1.2ms)[0m   [0mSHOW FIELDS FROM `pr_persona`[0m
  [4;36;1mPersona Load (0.8ms)[0m   [0;1mSELECT * FROM `pr_persona` WHERE (`pr_persona`.`per_curp` IS NULL) LIMIT 1[0m
Redirected to http://localhost:3001/personas/0009532c-47bb-4cfd-9b35-4c01c03993f9
Completed in 8ms (DB: 3) | 302 Found [http://localhost/personas/show_by_curp/LOLJ760313HCSPPL09]
  [4;35;1mSQL (0.3ms)[0m   [0mSET NAMES 'utf8'[0m
  [4;36;1mSQL (0.3ms)[0m   [0;1mSET SQL_AUTO_IS_NULL=0[0m


Processing PersonasController#show (for 127.0.0.1 at 2015-10-12 14:20:02) [GET]
  Parameters: {"id"=>"0009532c-47bb-4cfd-9b35-4c01c03993f9"}
  [4;35;1mPersona Columns (1.1ms)[0m   [0mSHOW FIELDS FROM `pr_persona`[0m
  [4;36;1mPersona Load (0.9ms)[0m   [0;1mSELECT * FROM `pr_persona` WHERE (`pr_persona`.`id_persona` = '0009532c-47bb-4cfd-9b35-4c01c03993f9') [0m
Rendering template within layouts/personas
Rendering personas/show
Completed in 8ms (View: 2, DB: 3) | 200 OK [http://localhost/personas/0009532c-47bb-4cfd-9b35-4c01c03993f9]
  [4;36;1mSQL (0.4ms)[0m   [0;1mSET NAMES 'utf8'[0m
  [4;35;1mSQL (0.3ms)[0m   [0mSET SQL_AUTO_IS_NULL=0[0m


Processing PersonasController#index to xml (for 127.0.0.1 at 2015-10-12 14:21:51) [GET]
  [4;36;1mPersona Load (56.6ms)[0m   [0;1mSELECT * FROM `pr_persona` [0m
  [4;35;1mPersona Columns (1.5ms)[0m   [0mSHOW FIELDS FROM `pr_persona`[0m
Completed in 2799ms (View: 2682, DB: 59) | 200 OK [http://localhost/personas.xml]
  [4;36;1mSQL (0.4ms)[0m   [0;1mSET NAMES 'utf8'[0m
  [4;35;1mSQL (0.4ms)[0m   [0mSET SQL_AUTO_IS_NULL=0[0m


Processing PersonasController#index to xml (for 127.0.0.1 at 2015-10-12 14:22:14) [GET]
  [4;36;1mPersona Load (56.2ms)[0m   [0;1mSELECT * FROM `pr_persona` [0m
  [4;35;1mPersona Columns (1.3ms)[0m   [0mSHOW FIELDS FROM `pr_persona`[0m
Completed in 2520ms (View: 2380, DB: 58) | 200 OK [http://localhost/personas.xml]
  [4;36;1mSQL (0.5ms)[0m   [0;1mSET NAMES 'utf8'[0m
  [4;35;1mSQL (0.3ms)[0m   [0mSET SQL_AUTO_IS_NULL=0[0m


Processing PersonasController#show_by_curp to xml (for 127.0.0.1 at 2015-10-12 14:23:19) [GET]
  Parameters: {"curp"=>""}
  [4;36;1mPersona Columns (1.3ms)[0m   [0;1mSHOW FIELDS FROM `pr_persona`[0m
  [4;35;1mPersona Load (1.0ms)[0m   [0mSELECT * FROM `pr_persona` WHERE (`pr_persona`.`per_curp` = '') LIMIT 1[0m
Completed in 11ms (View: 2, DB: 3) | 200 OK [http://localhost/personas/show_by_curp.xml?curp=]
  [4;36;1mSQL (0.5ms)[0m   [0;1mSET NAMES 'utf8'[0m
  [4;35;1mSQL (0.4ms)[0m   [0mSET SQL_AUTO_IS_NULL=0[0m


Processing PersonasController#show_by_curp to xml (for 127.0.0.1 at 2015-10-12 14:23:28) [GET]
  Parameters: {"curp"=>"GAVM660705MCSRRR06"}
  [4;36;1mPersona Columns (1.3ms)[0m   [0;1mSHOW FIELDS FROM `pr_persona`[0m
  [4;35;1mPersona Load (0.9ms)[0m   [0mSELECT * FROM `pr_persona` WHERE (`pr_persona`.`per_curp` = 'GAVM660705MCSRRR06') LIMIT 1[0m
Completed in 9ms (View: 2, DB: 3) | 200 OK [http://localhost/personas/show_by_curp.xml?curp=GAVM660705MCSRRR06]
  [4;36;1mSQL (0.4ms)[0m   [0;1mSET NAMES 'utf8'[0m
  [4;35;1mSQL (0.6ms)[0m   [0mSET SQL_AUTO_IS_NULL=0[0m


Processing PersonasController#show_by_curp to xml (for 127.0.0.1 at 2015-10-12 14:23:39) [GET]
  Parameters: {"curp"=>"GAVM660705MCSRRR06"}
  [4;36;1mPersona Columns (1.3ms)[0m   [0;1mSHOW FIELDS FROM `pr_persona`[0m
  [4;35;1mPersona Load (1.0ms)[0m   [0mSELECT * FROM `pr_persona` WHERE (`pr_persona`.`per_curp` = 'GAVM660705MCSRRR06') LIMIT 1[0m
Completed in 12ms (View: 2, DB: 3) | 200 OK [http://localhost/personas/show_by_curp.xml?curp=GAVM660705MCSRRR06]
  [4;36;1mSQL (0.3ms)[0m   [0;1mSET NAMES 'utf8'[0m
  [4;35;1mSQL (0.3ms)[0m   [0mSET SQL_AUTO_IS_NULL=0[0m


Processing PersonasController#create to xml (for 127.0.0.1 at 2015-10-12 14:25:06) [POST]
  Parameters: {"persona"=>{"per_paterno"=>"Monterrosa"}}
  [4;36;1mPersona Columns (1.2ms)[0m   [0;1mSHOW FIELDS FROM `pr_persona`[0m
  [4;35;1mSQL (0.6ms)[0m   [0mBEGIN[0m
  [4;36;1mPersona Create (26.0ms)[0m   [0;1mINSERT INTO `pr_persona` (`per_nacionalidad`, `per_nacimiento`, `per_activo_reg`, `id_persona`, `per_paterno`, `per_materno`, `fk_usuario_alta`, `per_nombre`, `per_modificacion`, `per_rfc`, `per_curp`, `fk_usuario_modificacion`, `per_tipo`, `per_elaboracion`) VALUES(NULL, NULL, NULL, 'f21744ac-7116-11e5-a7e3-3417ebba8c77', 'Monterrosa', NULL, NULL, NULL, NULL, NULL, NULL, NULL, NULL, NULL)[0m
  [4;35;1mSQL (31.0ms)[0m   [0mCOMMIT[0m
Completed in 82ms (View: 5, DB: 59) | 201 Created [http://localhost/personas.xml]
  [4;36;1mSQL (0.4ms)[0m   [0;1mSET NAMES 'utf8'[0m
  [4;35;1mSQL (0.4ms)[0m   [0mSET SQL_AUTO_IS_NULL=0[0m


Processing PersonasController#destroy to xml (for 127.0.0.1 at 2015-10-12 14:28:39) [DELETE]
  Parameters: {"id"=>"f21744ac-7116-11e5-a7e3-3417ebba8c77"}
  [4;36;1mPersona Columns (1.3ms)[0m   [0;1mSHOW FIELDS FROM `pr_persona`[0m
  [4;35;1mPersona Load (0.9ms)[0m   [0mSELECT * FROM `pr_persona` WHERE (`pr_persona`.`id_persona` = 'f21744ac-7116-11e5-a7e3-3417ebba8c77') [0m
  [4;36;1mSQL (0.3ms)[0m   [0;1mBEGIN[0m
  [4;35;1mPersona Destroy (0.6ms)[0m   [0mDELETE FROM `pr_persona` WHERE `id_persona` = 'f21744ac-7116-11e5-a7e3-3417ebba8c77'[0m
  [4;36;1mSQL (37.3ms)[0m   [0;1mCOMMIT[0m
Completed in 48ms (View: 1, DB: 41) | 200 OK [http://localhost/personas/f21744ac-7116-11e5-a7e3-3417ebba8c77.xml]
  [4;36;1mSQL (0.6ms)[0m   [0;1mSET NAMES 'utf8'[0m
  [4;35;1mSQL (0.4ms)[0m   [0mSET SQL_AUTO_IS_NULL=0[0m


Processing PersonasController#show_by_curp to xml (for 127.0.0.1 at 2015-10-12 14:49:28) [GET]
  Parameters: {"curp"=>"\n\n2)\n"}
  [4;36;1mPersona Columns (1.3ms)[0m   [0;1mSHOW FIELDS FROM `pr_persona`[0m
  [4;35;1mPersona Load (5.4ms)[0m   [0mSELECT * FROM `pr_persona` WHERE (`pr_persona`.`per_curp` = '\n\n2)\n') LIMIT 1[0m

ActionView::MissingTemplate (Missing template personas/show_by_curp.erb in view path app/views):
  app/controllers/personas_controller.rb:32:in `show_by_curp'
  app/controllers/personas_controller.rb:30:in `show_by_curp'
  /usr/lib/ruby/1.8/webrick/httpserver.rb:104:in `service'
  /usr/lib/ruby/1.8/webrick/httpserver.rb:65:in `run'
  /usr/lib/ruby/1.8/webrick/server.rb:173:in `start_thread'
  /usr/lib/ruby/1.8/webrick/server.rb:162:in `start'
  /usr/lib/ruby/1.8/webrick/server.rb:162

Rendering rescues/layout (internal_server_error)
  [4;36;1mSQL (0.4ms)[0m   [0;1mSET NAMES 'utf8'[0m
  [4;35;1mSQL (0.4ms)[0m   [0mSET SQL_AUTO_IS_NULL=0[0m


Processing PersonasController#show_by_curp to xml (for 127.0.0.1 at 2015-10-12 14:49:59) [GET]
  Parameters: {"curp"=>"LORP690807HCSPMS08"}
  [4;36;1mPersona Columns (1.3ms)[0m   [0;1mSHOW FIELDS FROM `pr_persona`[0m
  [4;35;1mPersona Load (1.1ms)[0m   [0mSELECT * FROM `pr_persona` WHERE (`pr_persona`.`per_curp` = 'LORP690807HCSPMS08') LIMIT 1[0m
Completed in 10ms (View: 3, DB: 3) | 200 OK [http://localhost/personas/show_by_curp.xml?curp=LORP690807HCSPMS08]
  [4;36;1mSQL (0.6ms)[0m   [0;1mSET NAMES 'utf8'[0m
  [4;35;1mSQL (0.4ms)[0m   [0mSET SQL_AUTO_IS_NULL=0[0m


Processing PersonasController#show_by_curp to xml (for 127.0.0.1 at 2015-10-12 14:51:28) [GET]
  Parameters: {"curp"=>"LORP690807HCSPMS08"}
  [4;36;1mPersona Columns (1.3ms)[0m   [0;1mSHOW FIELDS FROM `pr_persona`[0m
  [4;35;1mPersona Load (1.1ms)[0m   [0mSELECT * FROM `pr_persona` WHERE (`pr_persona`.`per_curp` = 'LORP690807HCSPMS08') LIMIT 1[0m
Completed in 8ms (View: 2, DB: 3) | 200 OK [http://localhost/personas/show_by_curp.xml?curp=LORP690807HCSPMS08]
  [4;36;1mSQL (0.4ms)[0m   [0;1mSET NAMES 'utf8'[0m
  [4;35;1mSQL (0.4ms)[0m   [0mSET SQL_AUTO_IS_NULL=0[0m


Processing PersonasController#show to json (for 127.0.0.1 at 2015-10-12 14:54:55) [GET]
  Parameters: {"id"=>"09253fa9-18f0-4fb9-88b7-211b95e17ccf"}
  [4;36;1mPersona Columns (1.3ms)[0m   [0;1mSHOW FIELDS FROM `pr_persona`[0m
  [4;35;1mPersona Load (0.9ms)[0m   [0mSELECT * FROM `pr_persona` WHERE (`pr_persona`.`id_persona` = '09253fa9-18f0-4fb9-88b7-211b95e17ccf') [0m
Completed in 8ms (View: 0, DB: 3) | 200 OK [http://localhost/personas/09253fa9-18f0-4fb9-88b7-211b95e17ccf.json]
  [4;36;1mSQL (0.6ms)[0m   [0;1mSET NAMES 'utf8'[0m
  [4;35;1mSQL (0.3ms)[0m   [0mSET SQL_AUTO_IS_NULL=0[0m


Processing PersonasController#show to json (for 127.0.0.1 at 2015-10-12 14:55:35) [GET]
  Parameters: {"id"=>"09253fa9-18f0-4fb9-88b7-211b95e17ccf"}
  [4;36;1mPersona Columns (1.2ms)[0m   [0;1mSHOW FIELDS FROM `pr_persona`[0m
  [4;35;1mPersona Load (0.9ms)[0m   [0mSELECT * FROM `pr_persona` WHERE (`pr_persona`.`id_persona` = '09253fa9-18f0-4fb9-88b7-211b95e17ccf') [0m
Completed in 7ms (View: 0, DB: 3) | 200 OK [http://localhost/personas/09253fa9-18f0-4fb9-88b7-211b95e17ccf.json]
  [4;36;1mSQL (0.3ms)[0m   [0;1mSET NAMES 'utf8'[0m
  [4;35;1mSQL (0.3ms)[0m   [0mSET SQL_AUTO_IS_NULL=0[0m


Processing PersonasController#create to json (for 127.0.0.1 at 2015-10-12 14:58:44) [POST]
  Parameters: {"per_paterno"=>"MONTERROSA"}
  [4;36;1mPersona Columns (1.2ms)[0m   [0;1mSHOW FIELDS FROM `pr_persona`[0m
  [4;35;1mSQL (0.3ms)[0m   [0mBEGIN[0m
  [4;36;1mPersona Create (0.9ms)[0m   [0;1mINSERT INTO `pr_persona` (`per_materno`, `fk_usuario_alta`, `per_nombre`, `per_paterno`, `fk_usuario_modificacion`, `per_nacimiento`, `per_elaboracion`, `per_nacionalidad`, `per_curp`, `per_rfc`, `per_activo_reg`, `per_tipo`, `per_modificacion`, `id_persona`) VALUES(NULL, NULL, NULL, NULL, NULL, NULL, NULL, NULL, NULL, NULL, NULL, NULL, '2015-10-12 19:58:44', 'a48fb6ec-711b-11e5-a146-3417ebba8c77')[0m
  [4;35;1mSQL (40.2ms)[0m   [0mCOMMIT[0m
Completed in 62ms (View: 2, DB: 43) | 201 Created [http://localhost/personas.json]
  [4;36;1mSQL (0.6ms)[0m   [0;1mSET NAMES 'utf8'[0m
  [4;35;1mSQL (0.6ms)[0m   [0mSET SQL_AUTO_IS_NULL=0[0m


Processing PersonasController#destroy to json (for 127.0.0.1 at 2015-10-12 14:58:47) [DELETE]
  Parameters: {"id"=>"a48fb6ec-711b-11e5-a146-3417ebba8c77"}
  [4;36;1mPersona Columns (1.2ms)[0m   [0;1mSHOW FIELDS FROM `pr_persona`[0m
  [4;35;1mPersona Load (0.9ms)[0m   [0mSELECT * FROM `pr_persona` WHERE (`pr_persona`.`id_persona` = 'a48fb6ec-711b-11e5-a146-3417ebba8c77') [0m
  [4;36;1mSQL (0.3ms)[0m   [0;1mBEGIN[0m
  [4;35;1mPersona Destroy (0.6ms)[0m   [0mDELETE FROM `pr_persona` WHERE `id_persona` = 'a48fb6ec-711b-11e5-a146-3417ebba8c77'[0m
  [4;36;1mSQL (37.3ms)[0m   [0;1mCOMMIT[0m
Completed in 46ms (View: 1, DB: 41) | 406 Not Acceptable [http://localhost/personas/a48fb6ec-711b-11e5-a146-3417ebba8c77.json]
  [4;35;1mSQL (0.3ms)[0m   [0mSET NAMES 'utf8'[0m
  [4;36;1mSQL (0.3ms)[0m   [0;1mSET SQL_AUTO_IS_NULL=0[0m


Processing PersonasController#destroy to json (for 127.0.0.1 at 2015-10-12 14:59:01) [DELETE]
  Parameters: {"id"=>"a48fb6ec-711b-11e5-a146-3417ebba8c77"}
  [4;35;1mPersona Columns (1.2ms)[0m   [0mSHOW FIELDS FROM `pr_persona`[0m
  [4;36;1mPersona Load (0.8ms)[0m   [0;1mSELECT * FROM `pr_persona` WHERE (`pr_persona`.`id_persona` = 'a48fb6ec-711b-11e5-a146-3417ebba8c77') [0m

ActiveRecord::RecordNotFound (Couldn't find Persona with ID=a48fb6ec-711b-11e5-a146-3417ebba8c77):
  app/controllers/personas_controller.rb:91:in `destroy'
  /usr/lib/ruby/1.8/webrick/httpserver.rb:104:in `service'
  /usr/lib/ruby/1.8/webrick/httpserver.rb:65:in `run'
  /usr/lib/ruby/1.8/webrick/server.rb:173:in `start_thread'
  /usr/lib/ruby/1.8/webrick/server.rb:162:in `start'
  /usr/lib/ruby/1.8/webrick/server.rb:162

Rendered rescues/_trace (9.4ms)
Rendered rescues/_request_and_response (0.6ms)
Rendering rescues/layout (not_found)
  [4;35;1mSQL (0.4ms)[0m   [0mSET NAMES 'utf8'[0m
  [4;36;1mSQL (0.4ms)[0m   [0;1mSET SQL_AUTO_IS_NULL=0[0m


Processing PersonasController#show_by_curp to json (for 127.0.0.1 at 2015-10-12 15:00:29) [GET]
  Parameters: {"curp"=>"MOLC850912HCSNPR02"}
  [4;35;1mPersona Columns (1.3ms)[0m   [0mSHOW FIELDS FROM `pr_persona`[0m
  [4;36;1mPersona Load (5.0ms)[0m   [0;1mSELECT * FROM `pr_persona` WHERE (`pr_persona`.`per_curp` = 'MOLC850912HCSNPR02') LIMIT 1[0m
Completed in 13ms (View: 1, DB: 7) | 200 OK [http://localhost/personas/show_by_curp.json?curp=MOLC850912HCSNPR02]
  [4;36;1mSQL (0.3ms)[0m   [0;1mSET NAMES 'utf8'[0m
  [4;35;1mSQL (0.3ms)[0m   [0mSET SQL_AUTO_IS_NULL=0[0m


Processing PersonasController#show_by_curp to xml (for 127.0.0.1 at 2015-10-12 15:04:25) [GET]
  Parameters: {"curp"=>"MOLC850912HCSNPR02"}
  [4;36;1mPersona Columns (1.3ms)[0m   [0;1mSHOW FIELDS FROM `pr_persona`[0m
  [4;35;1mPersona Load (5.1ms)[0m   [0mSELECT * FROM `pr_persona` WHERE (`pr_persona`.`per_curp` = 'MOLC850912HCSNPR02') LIMIT 1[0m
Completed in 46ms (View: 5, DB: 7) | 200 OK [http://localhost/personas/show_by_curp.xml?curp=MOLC850912HCSNPR02]
  [4;36;1mSQL (0.3ms)[0m   [0;1mSET NAMES 'utf8'[0m
  [4;35;1mSQL (0.3ms)[0m   [0mSET SQL_AUTO_IS_NULL=0[0m


Processing PersonasController#show_by_curp to xml (for 127.0.0.1 at 2015-10-12 15:07:32) [GET]
  Parameters: {"curp"=>"MOLC850912HCSNPR02"}
  [4;36;1mPersona Columns (1.3ms)[0m   [0;1mSHOW FIELDS FROM `pr_persona`[0m
  [4;35;1mPersona Load (5.1ms)[0m   [0mSELECT * FROM `pr_persona` WHERE (`pr_persona`.`per_curp` = 'MOLC850912HCSNPR02') LIMIT 1[0m
Completed in 49ms (View: 6, DB: 7) | 200 OK [http://localhost/personas/show_by_curp.xml?curp=MOLC850912HCSNPR02]
  [4;36;1mSQL (0.3ms)[0m   [0;1mSET NAMES 'utf8'[0m
  [4;35;1mSQL (0.3ms)[0m   [0mSET SQL_AUTO_IS_NULL=0[0m


Processing PersonasController#show_by_curp to xml (for 127.0.0.1 at 2015-10-12 15:10:47) [GET]
  Parameters: {"curp"=>"MOLC850912HCSNPR02"}
  [4;36;1mPersona Columns (1.3ms)[0m   [0;1mSHOW FIELDS FROM `pr_persona`[0m
  [4;35;1mPersona Load (5.0ms)[0m   [0mSELECT * FROM `pr_persona` WHERE (`pr_persona`.`per_curp` = 'MOLC850912HCSNPR02') LIMIT 1[0m
Completed in 14ms (View: 3, DB: 7) | 200 OK [http://localhost/personas/show_by_curp.xml?curp=MOLC850912HCSNPR02]
  [4;36;1mSQL (0.4ms)[0m   [0;1mSET NAMES 'utf8'[0m
  [4;35;1mSQL (0.4ms)[0m   [0mSET SQL_AUTO_IS_NULL=0[0m


Processing PersonasController#show_by_curp to xml (for 127.0.0.1 at 2015-10-12 15:11:39) [GET]
  Parameters: {"curp"=>"MOLC850912HCSNPR02"}
  [4;36;1mPersona Columns (1.3ms)[0m   [0;1mSHOW FIELDS FROM `pr_persona`[0m
  [4;35;1mPersona Load (4.7ms)[0m   [0mSELECT * FROM `pr_persona` WHERE (`pr_persona`.`per_curp` = 'MOLC850912HCSNPR02') LIMIT 1[0m
Completed in 50ms (View: 7, DB: 7) | 200 OK [http://localhost/personas/show_by_curp.xml?curp=MOLC850912HCSNPR02]
  [4;36;1mSQL (0.3ms)[0m   [0;1mSET NAMES 'utf8'[0m
  [4;35;1mSQL (0.3ms)[0m   [0mSET SQL_AUTO_IS_NULL=0[0m


Processing PersonasController#show_by_curp to xml (for 127.0.0.1 at 2015-10-12 15:14:00) [GET]
  Parameters: {"curp"=>"MOLC850912HCSNPR02"}
  [4;36;1mPersona Columns (1.3ms)[0m   [0;1mSHOW FIELDS FROM `pr_persona`[0m
  [4;35;1mPersona Load (5.0ms)[0m   [0mSELECT * FROM `pr_persona` WHERE (`pr_persona`.`per_curp` = 'MOLC850912HCSNPR02') LIMIT 1[0m

ActionView::MissingTemplate (Missing template personas/show_by_curp.erb in view path app/views):
  app/controllers/personas_controller.rb:34:in `show_by_curp'
  app/controllers/personas_controller.rb:30:in `show_by_curp'
  /usr/lib/ruby/1.8/webrick/httpserver.rb:104:in `service'
  /usr/lib/ruby/1.8/webrick/httpserver.rb:65:in `run'
  /usr/lib/ruby/1.8/webrick/server.rb:173:in `start_thread'
  /usr/lib/ruby/1.8/webrick/server.rb:162:in `start'
  /usr/lib/ruby/1.8/webrick/server.rb:162

Rendering rescues/layout (internal_server_error)
  [4;36;1mSQL (0.5ms)[0m   [0;1mSET NAMES 'utf8'[0m
  [4;35;1mSQL (0.4ms)[0m   [0mSET SQL_AUTO_IS_NULL=0[0m


Processing PersonasController#show_by_curp to xml (for 127.0.0.1 at 2015-10-12 15:15:49) [GET]
  Parameters: {"curp"=>"MOLC850912HCSNPR02"}
  [4;36;1mPersona Columns (1.4ms)[0m   [0;1mSHOW FIELDS FROM `pr_persona`[0m
  [4;35;1mPersona Load (5.1ms)[0m   [0mSELECT * FROM `pr_persona` WHERE (`pr_persona`.`per_curp` = 'MOLC850912HCSNPR02') LIMIT 1[0m
Completed in 48ms (View: 5, DB: 7) | 200 OK [http://localhost/personas/show_by_curp.xml?curp=MOLC850912HCSNPR02]
  [4;36;1mSQL (0.3ms)[0m   [0;1mSET NAMES 'utf8'[0m
  [4;35;1mSQL (0.5ms)[0m   [0mSET SQL_AUTO_IS_NULL=0[0m


Processing PersonasController#show_by_curp to xml (for 127.0.0.1 at 2015-10-12 15:25:36) [GET]
  Parameters: {"curp"=>"MOLC850912HCSNPR02"}
  [4;36;1mPersona Load (5.1ms)[0m   [0;1mSELECT * FROM `pr_persona` WHERE (per_curp = 'MOLC850912HCSNPR02') LIMIT 1[0m
  [4;35;1mPersona Columns (1.2ms)[0m   [0mSHOW FIELDS FROM `pr_persona`[0m
Completed in 47ms (View: 1, DB: 7) | 200 OK [http://localhost/personas/show_by_curp.xml?curp=MOLC850912HCSNPR02]
  [4;36;1mSQL (0.5ms)[0m   [0;1mSET NAMES 'utf8'[0m
  [4;35;1mSQL (0.2ms)[0m   [0mSET SQL_AUTO_IS_NULL=0[0m


Processing PersonasController#show_by_curp to xml (for 127.0.0.1 at 2015-10-12 15:26:05) [GET]
  Parameters: {"curp"=>"MOLC850912HCSNPR02"}
  [4;36;1mPersona Load (5.1ms)[0m   [0;1mSELECT * FROM `pr_persona` WHERE (per_curp = 'MOLC850912HCSNPR02') LIMIT 1[0m
  [4;35;1mPersona Columns (1.2ms)[0m   [0mSHOW FIELDS FROM `pr_persona`[0m
Completed in 13ms (View: 0, DB: 7) | 200 OK [http://localhost/personas/show_by_curp.xml?curp=MOLC850912HCSNPR02]
  [4;36;1mSQL (0.3ms)[0m   [0;1mSET NAMES 'utf8'[0m
  [4;35;1mSQL (0.3ms)[0m   [0mSET SQL_AUTO_IS_NULL=0[0m


Processing PersonasController#show_by_curp to json (for 127.0.0.1 at 2015-10-12 15:32:32) [GET]
  Parameters: {"curp"=>"MOLC850912HCSNPR02"}
  [4;36;1mPersona Load (5.0ms)[0m   [0;1mSELECT * FROM `pr_persona` WHERE (per_curp = 'MOLC850912HCSNPR02') LIMIT 1[0m
  [4;35;1mPersona Columns (1.2ms)[0m   [0mSHOW FIELDS FROM `pr_persona`[0m
Completed in 42ms (View: 24, DB: 7) | 200 OK [http://localhost/personas/show_by_curp.json?curp=MOLC850912HCSNPR02]
  [4;36;1mSQL (0.4ms)[0m   [0;1mSET NAMES 'utf8'[0m
  [4;35;1mSQL (0.4ms)[0m   [0mSET SQL_AUTO_IS_NULL=0[0m


Processing PersonasController#show to json (for 127.0.0.1 at 2015-10-12 15:33:21) [GET]
  Parameters: {"id"=>"e9514cd2-5f81-4399-b4d7-01aa47363371"}
  [4;36;1mPersona Columns (1.3ms)[0m   [0;1mSHOW FIELDS FROM `pr_persona`[0m
  [4;35;1mPersona Load (0.9ms)[0m   [0mSELECT * FROM `pr_persona` WHERE (`pr_persona`.`id_persona` = 'e9514cd2-5f81-4399-b4d7-01aa47363371') [0m
Completed in 8ms (View: 0, DB: 3) | 200 OK [http://localhost/personas/e9514cd2-5f81-4399-b4d7-01aa47363371.json]
  [4;36;1mSQL (0.4ms)[0m   [0;1mSET NAMES 'utf8'[0m
  [4;35;1mSQL (0.6ms)[0m   [0mSET SQL_AUTO_IS_NULL=0[0m


Processing PersonasController#show to json (for 127.0.0.1 at 2015-10-12 15:37:46) [GET]
  Parameters: {"id"=>"e9514cd2-5f81-4399-b4d7-01aa47363371"}
  [4;36;1mPersona Columns (1.3ms)[0m   [0;1mSHOW FIELDS FROM `pr_persona`[0m
  [4;35;1mPersona Load (0.9ms)[0m   [0mSELECT * FROM `pr_persona` WHERE (`pr_persona`.`id_persona` = 'e9514cd2-5f81-4399-b4d7-01aa47363371') [0m
Completed in 8ms (View: 0, DB: 3) | 200 OK [http://localhost/personas/e9514cd2-5f81-4399-b4d7-01aa47363371.json]
  [4;36;1mSQL (0.4ms)[0m   [0;1mSET NAMES 'utf8'[0m
  [4;35;1mSQL (0.4ms)[0m   [0mSET SQL_AUTO_IS_NULL=0[0m


Processing PersonasController#show_by_curp to json (for 127.0.0.1 at 2015-10-12 15:39:04) [GET]
  Parameters: {"curp"=>"MOLR820709HCSNPB01"}
  [4;36;1mPersona Load (5.4ms)[0m   [0;1mSELECT * FROM `pr_persona` WHERE (per_curp = 'MOLR820709HCSNPB01') LIMIT 1[0m
  [4;35;1mPersona Columns (1.2ms)[0m   [0mSHOW FIELDS FROM `pr_persona`[0m
Completed in 13ms (View: 0, DB: 7) | 200 OK [http://localhost/personas/show_by_curp.json?curp=MOLR820709HCSNPB01]
  [4;36;1mSQL (0.4ms)[0m   [0;1mSET NAMES 'utf8'[0m
  [4;35;1mSQL (0.5ms)[0m   [0mSET SQL_AUTO_IS_NULL=0[0m


Processing PersonasController#create to xml (for 127.0.0.1 at 2015-10-12 15:42:05) [POST]
  Parameters: {"persona"=>{"per_nombre"=>"XXX"}}
  [4;36;1mPersona Columns (1.3ms)[0m   [0;1mSHOW FIELDS FROM `pr_persona`[0m
  [4;35;1mSQL (0.3ms)[0m   [0mBEGIN[0m
  [4;36;1mPersona Create (0.9ms)[0m   [0;1mINSERT INTO `pr_persona` (`per_paterno`, `per_materno`, `per_curp`, `per_activo_reg`, `per_nacionalidad`, `per_nacimiento`, `id_persona`, `per_elaboracion`, `per_tipo`, `per_nombre`, `fk_usuario_modificacion`, `per_rfc`, `fk_usuario_alta`, `per_modificacion`) VALUES(NULL, NULL, NULL, NULL, NULL, NULL, 'b31bf562-7121-11e5-aa19-3417ebba8c77', NULL, NULL, 'XXX', NULL, NULL, NULL, '2015-10-12 20:42:05')[0m
  [4;35;1mSQL (41.4ms)[0m   [0mCOMMIT[0m
Completed in 72ms (View: 6, DB: 45) | 201 Created [http://localhost/personas.xml]
  [4;36;1mSQL (0.4ms)[0m   [0;1mSET NAMES 'utf8'[0m
  [4;35;1mSQL (0.3ms)[0m   [0mSET SQL_AUTO_IS_NULL=0[0m


Processing PersonasController#destroy to xml (for 127.0.0.1 at 2015-10-12 15:42:10) [DELETE]
  Parameters: {"id"=>"b31bf562-7121-11e5-aa19-3417ebba8c77"}
  [4;36;1mPersona Columns (1.2ms)[0m   [0;1mSHOW FIELDS FROM `pr_persona`[0m
  [4;35;1mPersona Load (0.8ms)[0m   [0mSELECT * FROM `pr_persona` WHERE (`pr_persona`.`id_persona` = 'b31bf562-7121-11e5-aa19-3417ebba8c77') [0m
  [4;36;1mSQL (0.3ms)[0m   [0;1mBEGIN[0m
  [4;35;1mPersona Destroy (0.6ms)[0m   [0mDELETE FROM `pr_persona` WHERE `id_persona` = 'b31bf562-7121-11e5-aa19-3417ebba8c77'[0m
  [4;36;1mSQL (35.4ms)[0m   [0;1mCOMMIT[0m
Completed in 44ms (View: 0, DB: 39) | 200 OK [http://localhost/personas/b31bf562-7121-11e5-aa19-3417ebba8c77.xml]
  [4;35;1mSQL (0.6ms)[0m   [0mSET NAMES 'utf8'[0m
  [4;36;1mSQL (0.3ms)[0m   [0;1mSET SQL_AUTO_IS_NULL=0[0m


Processing PersonasController#show_by_curp to xml (for 127.0.0.1 at 2015-10-12 15:42:40) [GET]
  Parameters: {"curp"=>"MOLC850912HCSNPR02"}
  [4;35;1mPersona Load (5.0ms)[0m   [0mSELECT * FROM `pr_persona` WHERE (per_curp = 'MOLC850912HCSNPR02') LIMIT 1[0m
  [4;36;1mPersona Columns (1.2ms)[0m   [0;1mSHOW FIELDS FROM `pr_persona`[0m
Completed in 15ms (View: 3, DB: 7) | 200 OK [http://localhost/personas/show_by_curp.xml?curp=MOLC850912HCSNPR02]
  [4;35;1mSQL (0.5ms)[0m   [0mSET NAMES 'utf8'[0m
  [4;36;1mSQL (0.4ms)[0m   [0;1mSET SQL_AUTO_IS_NULL=0[0m


Processing PersonasController#create to xml (for 127.0.0.1 at 2015-10-12 15:45:05) [POST]
  Parameters: {"persona"=>{"per_paterno"=>"MONTERROSA", "per_materno"=>"LOPEZ", "per_activo_reg"=>true, "id_persona"=>"d688bc07-edb2-419c-a32f-bff569dbd3ab", "per_nacionalidad"=>122, "per_curp"=>"MOLC850912HCSNPR02", "per_nacimiento"=>nil, "per_elaboracion"=>Wed Feb 05 08:03:35 UTC 2014, "per_tipo"=>"FISICA", "per_nombre"=>"CARLOS AUGUSTIN", "fk_usuario_modificacion"=>"f9f006b4-3083-409e-b446-3b2e2bbdb219", "fk_usuario_alta"=>"f9f006b4-3083-409e-b446-3b2e2bbdb219", "per_rfc"=>"MOLC8509121S0", "per_modificacion"=>Wed Feb 05 08:04:17 UTC 2014}}
  [4;35;1mPersona Columns (1.3ms)[0m   [0mSHOW FIELDS FROM `pr_persona`[0m
WARNING: Can't mass-assign these protected attributes: id_persona
  [4;36;1mSQL (0.3ms)[0m   [0;1mBEGIN[0m
  [4;35;1mPersona Create (0.9ms)[0m   [0mINSERT INTO `pr_persona` (`per_paterno`, `per_materno`, `per_curp`, `per_activo_reg`, `per_nacionalidad`, `per_nacimiento`, `id_persona`, `per_elaboracion`, `per_tipo`, `per_nombre`, `fk_usuario_modificacion`, `per_rfc`, `fk_usuario_alta`, `per_modificacion`) VALUES('MONTERROSA', 'LOPEZ', 'MOLC850912HCSNPR02', 1, 122, NULL, '1e451094-7122-11e5-aa19-3417ebba8c77', '2014-02-05 08:03:35', 'FISICA', 'CARLOS AUGUSTIN', 'f9f006b4-3083-409e-b446-3b2e2bbdb219', 'MOLC8509121S0', 'f9f006b4-3083-409e-b446-3b2e2bbdb219', '2015-10-12 20:45:05')[0m
  [4;36;1mSQL (40.4ms)[0m   [0;1mCOMMIT[0m
Completed in 55ms (View: 5, DB: 44) | 201 Created [http://localhost/personas.xml]
  [4;35;1mSQL (0.4ms)[0m   [0mSET NAMES 'utf8'[0m
  [4;36;1mSQL (0.3ms)[0m   [0;1mSET SQL_AUTO_IS_NULL=0[0m


Processing PersonasController#index to xml (for 127.0.0.1 at 2015-10-12 15:52:25) [GET]
  [4;35;1mPersona Load (55.9ms)[0m   [0mSELECT * FROM `pr_persona` [0m
  [4;36;1mPersona Columns (1.7ms)[0m   [0;1mSHOW FIELDS FROM `pr_persona`[0m
Completed in 2634ms (View: 2515, DB: 58) | 200 OK [http://localhost/personas.xml]
  [4;35;1mSQL (0.4ms)[0m   [0mSET NAMES 'utf8'[0m
  [4;36;1mSQL (0.4ms)[0m   [0;1mSET SQL_AUTO_IS_NULL=0[0m


Processing PersonasController#index to xml (for 127.0.0.1 at 2015-10-12 15:53:01) [GET]
  [4;35;1mPersona Load (55.8ms)[0m   [0mSELECT * FROM `pr_persona` [0m
  [4;36;1mPersona Columns (1.3ms)[0m   [0;1mSHOW FIELDS FROM `pr_persona`[0m
Completed in 2704ms (View: 2565, DB: 58) | 200 OK [http://localhost/personas.xml]
  [4;35;1mSQL (0.3ms)[0m   [0mSET NAMES 'utf8'[0m
  [4;36;1mSQL (0.3ms)[0m   [0;1mSET SQL_AUTO_IS_NULL=0[0m


Processing PersonasController#index to xml (for 127.0.0.1 at 2015-10-12 15:54:06) [GET]
  [4;35;1mPersona Load (55.9ms)[0m   [0mSELECT * FROM `pr_persona` [0m
  [4;36;1mPersona Columns (1.1ms)[0m   [0;1mSHOW FIELDS FROM `pr_persona`[0m
Completed in 2562ms (View: 2475, DB: 58) | 200 OK [http://localhost/personas.xml]
  [4;36;1mSQL (0.4ms)[0m   [0;1mSET NAMES 'utf8'[0m
  [4;35;1mSQL (0.3ms)[0m   [0mSET SQL_AUTO_IS_NULL=0[0m


Processing PersonasController#index to xml (for 127.0.0.1 at 2015-10-12 15:55:11) [GET]
  [4;36;1mPersona Load (55.8ms)[0m   [0;1mSELECT * FROM `pr_persona` [0m
  [4;35;1mPersona Columns (1.3ms)[0m   [0mSHOW FIELDS FROM `pr_persona`[0m
Completed in 2850ms (View: 2737, DB: 58) | 200 OK [http://localhost/personas.xml]
  [4;36;1mSQL (0.3ms)[0m   [0;1mSET NAMES 'utf8'[0m
  [4;35;1mSQL (0.3ms)[0m   [0mSET SQL_AUTO_IS_NULL=0[0m


Processing PersonasController#index to xml (for 127.0.0.1 at 2015-10-12 15:58:08) [GET]
  [4;36;1mPersona Load (55.9ms)[0m   [0;1mSELECT * FROM `pr_persona` [0m
  [4;35;1mPersona Columns (1.2ms)[0m   [0mSHOW FIELDS FROM `pr_persona`[0m
Completed in 2598ms (View: 2456, DB: 58) | 200 OK [http://localhost/personas.xml]
  [4;36;1mSQL (0.3ms)[0m   [0;1mSET NAMES 'utf8'[0m
  [4;35;1mSQL (0.3ms)[0m   [0mSET SQL_AUTO_IS_NULL=0[0m


Processing PersonasController#index to xml (for 127.0.0.1 at 2015-10-12 16:00:12) [GET]
  [4;36;1mPersona Load (55.9ms)[0m   [0;1mSELECT * FROM `pr_persona` [0m
  [4;35;1mPersona Columns (1.2ms)[0m   [0mSHOW FIELDS FROM `pr_persona`[0m
Completed in 2780ms (View: 2688, DB: 58) | 200 OK [http://localhost/personas.xml]
  [4;36;1mSQL (0.3ms)[0m   [0;1mSET NAMES 'utf8'[0m
  [4;35;1mSQL (0.6ms)[0m   [0mSET SQL_AUTO_IS_NULL=0[0m


Processing PersonasController#index to xml (for 127.0.0.1 at 2015-10-12 16:00:47) [GET]
  [4;36;1mPersona Load (55.9ms)[0m   [0;1mSELECT * FROM `pr_persona` [0m
  [4;35;1mPersona Columns (1.3ms)[0m   [0mSHOW FIELDS FROM `pr_persona`[0m
Completed in 2771ms (View: 2611, DB: 58) | 200 OK [http://localhost/personas.xml]
  [4;36;1mSQL (0.5ms)[0m   [0;1mSET NAMES 'utf8'[0m
  [4;35;1mSQL (0.3ms)[0m   [0mSET SQL_AUTO_IS_NULL=0[0m


Processing PersonasController#show to xml (for 127.0.0.1 at 2015-10-12 16:02:45) [GET]
  Parameters: {"id"=>"00446a4e-7b6e-42ff-bcc3-fccee5757f98"}
  [4;36;1mPersona Columns (1.3ms)[0m   [0;1mSHOW FIELDS FROM `pr_persona`[0m
  [4;35;1mPersona Load (0.9ms)[0m   [0mSELECT * FROM `pr_persona` WHERE (`pr_persona`.`id_persona` = '00446a4e-7b6e-42ff-bcc3-fccee5757f98') [0m
Completed in 8ms (View: 2, DB: 3) | 200 OK [http://localhost/personas/00446a4e-7b6e-42ff-bcc3-fccee5757f98.xml]
  [4;36;1mSQL (0.3ms)[0m   [0;1mSET NAMES 'utf8'[0m
  [4;35;1mSQL (0.3ms)[0m   [0mSET SQL_AUTO_IS_NULL=0[0m


Processing PersonasController#show to xml (for 127.0.0.1 at 2015-10-12 16:02:49) [GET]
  Parameters: {"id"=>"00f0c2da-f324-4b1c-b452-af24dcaa26b1"}
  [4;36;1mPersona Columns (1.2ms)[0m   [0;1mSHOW FIELDS FROM `pr_persona`[0m
  [4;35;1mPersona Load (0.9ms)[0m   [0mSELECT * FROM `pr_persona` WHERE (`pr_persona`.`id_persona` = '00f0c2da-f324-4b1c-b452-af24dcaa26b1') [0m
Completed in 8ms (View: 2, DB: 3) | 200 OK [http://localhost/personas/00f0c2da-f324-4b1c-b452-af24dcaa26b1.xml]
  [4;36;1mSQL (0.4ms)[0m   [0;1mSET NAMES 'utf8'[0m
  [4;35;1mSQL (0.4ms)[0m   [0mSET SQL_AUTO_IS_NULL=0[0m


Processing PersonasController#index to xml (for 172.20.60.16 at 2015-10-12 16:03:36) [GET]
  [4;36;1mPersona Load (55.9ms)[0m   [0;1mSELECT * FROM `pr_persona` [0m
  [4;35;1mPersona Columns (1.2ms)[0m   [0mSHOW FIELDS FROM `pr_persona`[0m
Completed in 2500ms (View: 2423, DB: 58) | 200 OK [http://172.20.60.20/personas.xml]
  [4;36;1mSQL (0.4ms)[0m   [0;1mSET NAMES 'utf8'[0m
  [4;35;1mSQL (0.3ms)[0m   [0mSET SQL_AUTO_IS_NULL=0[0m


Processing PersonasController#index to xml (for 172.20.60.16 at 2015-10-12 16:04:38) [GET]
  [4;36;1mPersona Load (55.9ms)[0m   [0;1mSELECT * FROM `pr_persona` [0m
  [4;35;1mPersona Columns (1.2ms)[0m   [0mSHOW FIELDS FROM `pr_persona`[0m
Completed in 2592ms (View: 2463, DB: 58) | 200 OK [http://172.20.60.20/personas.xml]
  [4;36;1mSQL (0.4ms)[0m   [0;1mSET NAMES 'utf8'[0m
  [4;35;1mSQL (0.3ms)[0m   [0mSET SQL_AUTO_IS_NULL=0[0m


Processing PersonasController#index to xml (for 172.20.60.16 at 2015-10-12 16:05:27) [GET]
  [4;36;1mPersona Load (55.8ms)[0m   [0;1mSELECT * FROM `pr_persona` [0m
  [4;35;1mPersona Columns (1.2ms)[0m   [0mSHOW FIELDS FROM `pr_persona`[0m
Completed in 2452ms (View: 2367, DB: 58) | 200 OK [http://172.20.60.20/personas.xml]
